{"contracts/DojiCrew/DojiCrewUpdated.sol":{"l":{"37":0,"38":0,"39":0,"40":0,"41":0,"45":0,"49":0,"53":0,"57":0,"58":0,"60":0,"63":0,"64":0,"65":0,"67":0,"69":0,"71":0,"76":0,"77":0,"78":0,"82":0,"83":0,"85":0,"89":0,"90":0,"91":0,"92":0,"93":0,"95":0,"96":0,"97":0,"98":0,"104":0,"105":0,"106":0,"107":0,"108":0,"109":0,"110":0,"119":0,"120":0,"121":0,"133":0,"134":0,"138":0,"140":0,"141":0,"142":0,"145":0,"156":0,"157":0,"161":0,"165":0,"166":0,"167":0,"168":0,"175":0,"180":0,"181":0,"185":0,"186":0,"190":0,"195":0,"204":0,"208":0,"209":0,"210":0},"path":"/Users/florentbartoli/Documents/rug_marketing/Contracts/contracts/DojiCrew/DojiCrewUpdated.sol","s":{"1":0,"2":0,"3":0,"4":0,"5":0,"6":0,"7":0,"8":0,"9":0,"10":0,"11":0,"12":0,"13":0,"14":0,"15":0,"16":0,"17":0,"18":0,"19":0,"20":0,"21":0,"22":0,"23":0,"24":0,"25":0,"26":0,"27":0,"28":0,"29":0,"30":0,"31":0,"32":0,"33":0,"34":0,"35":0,"36":0,"37":0,"38":0,"39":0,"40":0,"41":0,"42":0,"43":0,"44":0,"45":0,"46":0,"47":0,"48":0,"49":0,"50":0,"51":0,"52":0,"53":0,"54":0,"55":0,"56":0,"57":0,"58":0,"59":0,"60":0,"61":0,"62":0,"63":0,"64":0},"b":{"1":[0,0],"2":[0,0],"3":[0,0],"4":[0,0],"5":[0,0],"6":[0,0],"7":[0,0],"8":[0,0],"9":[0,0],"10":[0,0],"11":[0,0],"12":[0,0],"13":[0,0],"14":[0,0],"15":[0,0],"16":[0,0],"17":[0,0],"18":[0,0]},"f":{"1":0,"2":0,"3":0,"4":0,"5":0,"6":0,"7":0,"8":0,"9":0,"10":0,"11":0,"12":0,"13":0,"14":0,"15":0,"16":0,"17":0,"18":0,"19":0,"20":0,"21":0},"fnMap":{"1":{"name":"constructor","line":36,"loc":{"start":{"line":36,"column":4},"end":{"line":42,"column":4}}},"2":{"name":"setBaseURI","line":44,"loc":{"start":{"line":44,"column":4},"end":{"line":46,"column":4}}},"3":{"name":"setTokenURI","line":48,"loc":{"start":{"line":48,"column":4},"end":{"line":50,"column":4}}},"4":{"name":"setTokenAddress","line":52,"loc":{"start":{"line":52,"column":4},"end":{"line":54,"column":4}}},"5":{"name":"getMintTime","line":56,"loc":{"start":{"line":56,"column":4},"end":{"line":73,"column":4}}},"6":{"name":"transferURIRole","line":75,"loc":{"start":{"line":75,"column":4},"end":{"line":79,"column":4}}},"7":{"name":"setStart","line":81,"loc":{"start":{"line":81,"column":4},"end":{"line":86,"column":4}}},"8":{"name":"claimDoji","line":88,"loc":{"start":{"line":88,"column":4},"end":{"line":101,"column":4}}},"9":{"name":"walletDistro","line":103,"loc":{"start":{"line":103,"column":4},"end":{"line":111,"column":4}}},"10":{"name":"changeWallets","line":118,"loc":{"start":{"line":114,"column":4},"end":{"line":122,"column":4}}},"11":{"name":"rescueEther","line":132,"loc":{"start":{"line":132,"column":4},"end":{"line":135,"column":4}}},"12":{"name":"walletInventory","line":137,"loc":{"start":{"line":137,"column":4},"end":{"line":146,"column":4}}},"13":{"name":"isApprovedForAll","line":151,"loc":{"start":{"line":151,"column":4},"end":{"line":162,"column":4}}},"14":{"name":"safeMint","line":164,"loc":{"start":{"line":164,"column":4},"end":{"line":169,"column":4}}},"15":{"name":"_beforeTokenTransfer","line":171,"loc":{"start":{"line":171,"column":4},"end":{"line":176,"column":4}}},"16":{"name":"burn","line":178,"loc":{"start":{"line":178,"column":4},"end":{"line":182,"column":4}}},"17":{"name":"_burn","line":184,"loc":{"start":{"line":184,"column":4},"end":{"line":187,"column":4}}},"18":{"name":"tokenURI","line":189,"loc":{"start":{"line":189,"column":4},"end":{"line":191,"column":4}}},"19":{"name":"_baseURI","line":194,"loc":{"start":{"line":194,"column":4},"end":{"line":196,"column":4}}},"20":{"name":"supportsInterface","line":198,"loc":{"start":{"line":198,"column":4},"end":{"line":205,"column":4}}},"21":{"name":"transferOwnership","line":207,"loc":{"start":{"line":207,"column":4},"end":{"line":211,"column":4}}}},"statementMap":{"1":{"start":{"line":37,"column":8},"end":{"line":37,"column":45}},"2":{"start":{"line":38,"column":8},"end":{"line":38,"column":35}},"3":{"start":{"line":39,"column":8},"end":{"line":39,"column":33}},"4":{"start":{"line":40,"column":8},"end":{"line":40,"column":39}},"5":{"start":{"line":41,"column":8},"end":{"line":41,"column":49}},"6":{"start":{"line":45,"column":8},"end":{"line":45,"column":24}},"7":{"start":{"line":49,"column":8},"end":{"line":49,"column":40}},"8":{"start":{"line":53,"column":8},"end":{"line":53,"column":35}},"9":{"start":{"line":57,"column":8},"end":{"line":57,"column":63}},"10":{"start":{"line":58,"column":8},"end":{"line":58,"column":3012}},"11":{"start":{"line":60,"column":12},"end":{"line":60,"column":34}},"12":{"start":{"line":63,"column":8},"end":{"line":63,"column":21}},"13":{"start":{"line":64,"column":8},"end":{"line":64,"column":3300}},"14":{"start":{"line":65,"column":12},"end":{"line":65,"column":3430}},"15":{"start":{"line":71,"column":8},"end":{"line":71,"column":60}},"16":{"start":{"line":76,"column":8},"end":{"line":76,"column":42}},"17":{"start":{"line":77,"column":8},"end":{"line":77,"column":32}},"18":{"start":{"line":78,"column":8},"end":{"line":78,"column":37}},"19":{"start":{"line":82,"column":8},"end":{"line":82,"column":4013}},"20":{"start":{"line":83,"column":12},"end":{"line":83,"column":42}},"21":{"start":{"line":85,"column":8},"end":{"line":85,"column":23}},"22":{"start":{"line":89,"column":8},"end":{"line":89,"column":23}},"23":{"start":{"line":90,"column":8},"end":{"line":90,"column":58}},"24":{"start":{"line":91,"column":8},"end":{"line":91,"column":88}},"25":{"start":{"line":92,"column":8},"end":{"line":92,"column":48}},"26":{"start":{"line":93,"column":8},"end":{"line":93,"column":57}},"27":{"start":{"line":95,"column":8},"end":{"line":95,"column":61}},"28":{"start":{"line":96,"column":8},"end":{"line":96,"column":4603}},"29":{"start":{"line":97,"column":12},"end":{"line":97,"column":44}},"30":{"start":{"line":98,"column":12},"end":{"line":98,"column":44}},"31":{"start":{"line":104,"column":8},"end":{"line":104,"column":56}},"32":{"start":{"line":105,"column":8},"end":{"line":105,"column":82}},"33":{"start":{"line":106,"column":8},"end":{"line":106,"column":21}},"34":{"start":{"line":107,"column":8},"end":{"line":107,"column":85}},"35":{"start":{"line":108,"column":8},"end":{"line":108,"column":21}},"36":{"start":{"line":109,"column":8},"end":{"line":109,"column":87}},"37":{"start":{"line":110,"column":8},"end":{"line":110,"column":22}},"38":{"start":{"line":119,"column":8},"end":{"line":119,"column":35}},"39":{"start":{"line":120,"column":8},"end":{"line":120,"column":29}},"40":{"start":{"line":121,"column":8},"end":{"line":121,"column":37}},"41":{"start":{"line":133,"column":8},"end":{"line":133,"column":82}},"42":{"start":{"line":134,"column":8},"end":{"line":134,"column":20}},"43":{"start":{"line":138,"column":8},"end":{"line":138,"column":46}},"44":{"start":{"line":140,"column":8},"end":{"line":140,"column":61}},"45":{"start":{"line":141,"column":8},"end":{"line":141,"column":6179}},"46":{"start":{"line":142,"column":12},"end":{"line":142,"column":55}},"47":{"start":{"line":145,"column":8},"end":{"line":145,"column":23}},"48":{"start":{"line":156,"column":8},"end":{"line":156,"column":6621}},"49":{"start":{"line":157,"column":12},"end":{"line":157,"column":23}},"50":{"start":{"line":161,"column":8},"end":{"line":161,"column":57}},"51":{"start":{"line":165,"column":8},"end":{"line":165,"column":56}},"52":{"start":{"line":166,"column":8},"end":{"line":166,"column":37}},"53":{"start":{"line":167,"column":8},"end":{"line":167,"column":28}},"54":{"start":{"line":168,"column":8},"end":{"line":168,"column":29}},"55":{"start":{"line":175,"column":8},"end":{"line":175,"column":52}},"56":{"start":{"line":180,"column":8},"end":{"line":180,"column":57}},"57":{"start":{"line":181,"column":8},"end":{"line":181,"column":21}},"58":{"start":{"line":186,"column":8},"end":{"line":186,"column":27}},"59":{"start":{"line":190,"column":7},"end":{"line":190,"column":37}},"60":{"start":{"line":195,"column":8},"end":{"line":195,"column":22}},"61":{"start":{"line":204,"column":8},"end":{"line":204,"column":51}},"62":{"start":{"line":208,"column":8},"end":{"line":208,"column":46}},"63":{"start":{"line":209,"column":8},"end":{"line":209,"column":51}},"64":{"start":{"line":210,"column":8},"end":{"line":210,"column":42}}},"branchMap":{"1":{"line":58,"type":"if","locations":[{"start":{"line":58,"column":8},"end":{"line":58,"column":8}},{"start":{"line":58,"column":8},"end":{"line":58,"column":8}}]},"2":{"line":65,"type":"if","locations":[{"start":{"line":65,"column":12},"end":{"line":65,"column":12}},{"start":{"line":65,"column":12},"end":{"line":65,"column":12}}]},"3":{"line":82,"type":"if","locations":[{"start":{"line":82,"column":8},"end":{"line":82,"column":8}},{"start":{"line":82,"column":8},"end":{"line":82,"column":8}}]},"4":{"line":89,"type":"if","locations":[{"start":{"line":89,"column":8},"end":{"line":89,"column":8}},{"start":{"line":89,"column":8},"end":{"line":89,"column":8}}]},"5":{"line":90,"type":"if","locations":[{"start":{"line":90,"column":8},"end":{"line":90,"column":8}},{"start":{"line":90,"column":8},"end":{"line":90,"column":8}}]},"6":{"line":91,"type":"if","locations":[{"start":{"line":91,"column":8},"end":{"line":91,"column":8}},{"start":{"line":91,"column":8},"end":{"line":91,"column":8}}]},"7":{"line":92,"type":"if","locations":[{"start":{"line":92,"column":8},"end":{"line":92,"column":8}},{"start":{"line":92,"column":8},"end":{"line":92,"column":8}}]},"8":{"line":93,"type":"if","locations":[{"start":{"line":93,"column":8},"end":{"line":93,"column":8}},{"start":{"line":93,"column":8},"end":{"line":93,"column":8}}]},"9":{"line":97,"type":"if","locations":[{"start":{"line":97,"column":12},"end":{"line":97,"column":12}},{"start":{"line":97,"column":12},"end":{"line":97,"column":12}}]},"10":{"line":106,"type":"if","locations":[{"start":{"line":106,"column":8},"end":{"line":106,"column":8}},{"start":{"line":106,"column":8},"end":{"line":106,"column":8}}]},"11":{"line":108,"type":"if","locations":[{"start":{"line":108,"column":8},"end":{"line":108,"column":8}},{"start":{"line":108,"column":8},"end":{"line":108,"column":8}}]},"12":{"line":110,"type":"if","locations":[{"start":{"line":110,"column":8},"end":{"line":110,"column":8}},{"start":{"line":110,"column":8},"end":{"line":110,"column":8}}]},"13":{"line":134,"type":"if","locations":[{"start":{"line":134,"column":8},"end":{"line":134,"column":8}},{"start":{"line":134,"column":8},"end":{"line":134,"column":8}}]},"14":{"line":156,"type":"if","locations":[{"start":{"line":156,"column":8},"end":{"line":156,"column":8}},{"start":{"line":156,"column":8},"end":{"line":156,"column":8}}]},"15":{"line":165,"type":"if","locations":[{"start":{"line":165,"column":8},"end":{"line":165,"column":8}},{"start":{"line":165,"column":8},"end":{"line":165,"column":8}}]},"16":{"line":166,"type":"if","locations":[{"start":{"line":166,"column":8},"end":{"line":166,"column":8}},{"start":{"line":166,"column":8},"end":{"line":166,"column":8}}]},"17":{"line":167,"type":"if","locations":[{"start":{"line":167,"column":8},"end":{"line":167,"column":8}},{"start":{"line":167,"column":8},"end":{"line":167,"column":8}}]},"18":{"line":180,"type":"if","locations":[{"start":{"line":180,"column":8},"end":{"line":180,"column":8}},{"start":{"line":180,"column":8},"end":{"line":180,"column":8}}]}}},"contracts/DojiCrew/Previous versions/DojiCrew23_09_22.sol":{"l":{"37":9,"38":9,"39":9,"40":9,"41":9,"42":9,"43":9,"44":9,"48":2,"52":3,"56":2,"61":237,"62":237,"64":0,"67":237,"68":237,"69":262,"71":230,"73":32,"75":237,"80":2,"81":2,"82":2,"86":2,"87":2,"89":2,"93":236,"94":236,"95":235,"96":233,"97":233,"99":227,"100":227,"101":11067,"102":11067,"108":1,"109":1,"110":1,"111":1,"112":1,"113":1,"114":1,"118":1,"122":1,"126":1,"130":2,"131":2,"135":8,"137":8,"138":8,"139":13,"142":8,"153":1,"154":0,"158":1,"162":11217,"163":11215,"164":11214,"165":11213,"172":22281,"177":2,"178":1,"182":1,"183":1,"187":4,"196":0,"200":2,"201":2,"202":2},"path":"/Users/florentbartoli/Documents/rug_marketing/Contracts/contracts/DojiCrew/Previous versions/DojiCrew23_09_22.sol","s":{"1":9,"2":9,"3":9,"4":9,"5":9,"6":9,"7":9,"8":9,"9":2,"10":3,"11":2,"12":237,"13":237,"14":0,"15":237,"16":237,"17":262,"18":237,"19":2,"20":2,"21":2,"22":2,"23":2,"24":2,"25":236,"26":236,"27":235,"28":233,"29":233,"30":227,"31":227,"32":11067,"33":11067,"34":1,"35":1,"36":1,"37":1,"38":1,"39":1,"40":1,"41":1,"42":1,"43":1,"44":2,"45":2,"46":8,"47":8,"48":8,"49":13,"50":8,"51":1,"52":0,"53":1,"54":11217,"55":11215,"56":11214,"57":11213,"58":22281,"59":2,"60":1,"61":1,"62":4,"63":0,"64":2,"65":2,"66":2},"b":{"1":[0,237],"2":[230,32],"3":[2,0],"4":[236,0],"5":[235,1],"6":[233,2],"7":[233,0],"8":[227,6],"9":[11067,0],"10":[1,0],"11":[1,0],"12":[1,0],"13":[2,0],"14":[0,1],"15":[11215,2],"16":[11214,1],"17":[11213,1],"18":[1,1]},"f":{"1":9,"2":2,"3":3,"4":2,"5":237,"6":2,"7":2,"8":236,"9":1,"10":1,"11":1,"12":1,"13":2,"14":8,"15":1,"16":11217,"17":22281,"18":2,"19":1,"20":4,"21":0,"22":2},"fnMap":{"1":{"name":"constructor","line":36,"loc":{"start":{"line":36,"column":4},"end":{"line":45,"column":4}}},"2":{"name":"setBaseURI","line":47,"loc":{"start":{"line":47,"column":4},"end":{"line":49,"column":4}}},"3":{"name":"setTokenURI","line":51,"loc":{"start":{"line":51,"column":4},"end":{"line":53,"column":4}}},"4":{"name":"setTokenAddress","line":55,"loc":{"start":{"line":55,"column":4},"end":{"line":57,"column":4}}},"5":{"name":"getMintTime","line":59,"loc":{"start":{"line":59,"column":4},"end":{"line":77,"column":4}}},"6":{"name":"transferURIRole","line":79,"loc":{"start":{"line":79,"column":4},"end":{"line":83,"column":4}}},"7":{"name":"setStart","line":85,"loc":{"start":{"line":85,"column":4},"end":{"line":90,"column":4}}},"8":{"name":"claimDoji","line":92,"loc":{"start":{"line":92,"column":4},"end":{"line":105,"column":4}}},"9":{"name":"walletDistro","line":107,"loc":{"start":{"line":107,"column":4},"end":{"line":115,"column":4}}},"10":{"name":"changeClientWallet","line":117,"loc":{"start":{"line":117,"column":4},"end":{"line":119,"column":4}}},"11":{"name":"changeRugWallet","line":121,"loc":{"start":{"line":121,"column":4},"end":{"line":123,"column":4}}},"12":{"name":"changeCharityWallet","line":125,"loc":{"start":{"line":125,"column":4},"end":{"line":127,"column":4}}},"13":{"name":"rescueEther","line":129,"loc":{"start":{"line":129,"column":4},"end":{"line":132,"column":4}}},"14":{"name":"walletInventory","line":134,"loc":{"start":{"line":134,"column":4},"end":{"line":143,"column":4}}},"15":{"name":"isApprovedForAll","line":148,"loc":{"start":{"line":148,"column":4},"end":{"line":159,"column":4}}},"16":{"name":"safeMint","line":161,"loc":{"start":{"line":161,"column":4},"end":{"line":166,"column":4}}},"17":{"name":"_beforeTokenTransfer","line":168,"loc":{"start":{"line":168,"column":4},"end":{"line":173,"column":4}}},"18":{"name":"burn","line":175,"loc":{"start":{"line":175,"column":4},"end":{"line":179,"column":4}}},"19":{"name":"_burn","line":181,"loc":{"start":{"line":181,"column":4},"end":{"line":184,"column":4}}},"20":{"name":"tokenURI","line":186,"loc":{"start":{"line":186,"column":4},"end":{"line":188,"column":4}}},"21":{"name":"supportsInterface","line":190,"loc":{"start":{"line":190,"column":4},"end":{"line":197,"column":4}}},"22":{"name":"transferOwnership","line":199,"loc":{"start":{"line":199,"column":4},"end":{"line":203,"column":4}}}},"statementMap":{"1":{"start":{"line":37,"column":8},"end":{"line":37,"column":45}},"2":{"start":{"line":38,"column":8},"end":{"line":38,"column":70}},"3":{"start":{"line":39,"column":8},"end":{"line":39,"column":74}},"4":{"start":{"line":40,"column":8},"end":{"line":40,"column":61}},"5":{"start":{"line":41,"column":8},"end":{"line":41,"column":35}},"6":{"start":{"line":42,"column":8},"end":{"line":42,"column":33}},"7":{"start":{"line":43,"column":8},"end":{"line":43,"column":39}},"8":{"start":{"line":44,"column":8},"end":{"line":44,"column":49}},"9":{"start":{"line":48,"column":8},"end":{"line":48,"column":24}},"10":{"start":{"line":52,"column":8},"end":{"line":52,"column":40}},"11":{"start":{"line":56,"column":8},"end":{"line":56,"column":35}},"12":{"start":{"line":61,"column":8},"end":{"line":61,"column":63}},"13":{"start":{"line":62,"column":8},"end":{"line":62,"column":3093}},"14":{"start":{"line":64,"column":12},"end":{"line":64,"column":34}},"15":{"start":{"line":67,"column":8},"end":{"line":67,"column":21}},"16":{"start":{"line":68,"column":8},"end":{"line":68,"column":3381}},"17":{"start":{"line":69,"column":12},"end":{"line":69,"column":3511}},"18":{"start":{"line":75,"column":8},"end":{"line":75,"column":60}},"19":{"start":{"line":80,"column":8},"end":{"line":80,"column":42}},"20":{"start":{"line":81,"column":8},"end":{"line":81,"column":32}},"21":{"start":{"line":82,"column":8},"end":{"line":82,"column":37}},"22":{"start":{"line":86,"column":8},"end":{"line":86,"column":4094}},"23":{"start":{"line":87,"column":12},"end":{"line":87,"column":42}},"24":{"start":{"line":89,"column":8},"end":{"line":89,"column":23}},"25":{"start":{"line":93,"column":8},"end":{"line":93,"column":23}},"26":{"start":{"line":94,"column":8},"end":{"line":94,"column":58}},"27":{"start":{"line":95,"column":8},"end":{"line":95,"column":88}},"28":{"start":{"line":96,"column":8},"end":{"line":96,"column":48}},"29":{"start":{"line":97,"column":8},"end":{"line":97,"column":57}},"30":{"start":{"line":99,"column":8},"end":{"line":99,"column":61}},"31":{"start":{"line":100,"column":8},"end":{"line":100,"column":4684}},"32":{"start":{"line":101,"column":12},"end":{"line":101,"column":44}},"33":{"start":{"line":102,"column":12},"end":{"line":102,"column":44}},"34":{"start":{"line":108,"column":8},"end":{"line":108,"column":56}},"35":{"start":{"line":109,"column":8},"end":{"line":109,"column":82}},"36":{"start":{"line":110,"column":8},"end":{"line":110,"column":21}},"37":{"start":{"line":111,"column":8},"end":{"line":111,"column":85}},"38":{"start":{"line":112,"column":8},"end":{"line":112,"column":21}},"39":{"start":{"line":113,"column":8},"end":{"line":113,"column":87}},"40":{"start":{"line":114,"column":8},"end":{"line":114,"column":22}},"41":{"start":{"line":118,"column":8},"end":{"line":118,"column":32}},"42":{"start":{"line":122,"column":8},"end":{"line":122,"column":29}},"43":{"start":{"line":126,"column":8},"end":{"line":126,"column":33}},"44":{"start":{"line":130,"column":8},"end":{"line":130,"column":82}},"45":{"start":{"line":131,"column":8},"end":{"line":131,"column":20}},"46":{"start":{"line":135,"column":8},"end":{"line":135,"column":46}},"47":{"start":{"line":137,"column":8},"end":{"line":137,"column":61}},"48":{"start":{"line":138,"column":8},"end":{"line":138,"column":6020}},"49":{"start":{"line":139,"column":12},"end":{"line":139,"column":55}},"50":{"start":{"line":142,"column":8},"end":{"line":142,"column":23}},"51":{"start":{"line":153,"column":8},"end":{"line":153,"column":6462}},"52":{"start":{"line":154,"column":12},"end":{"line":154,"column":23}},"53":{"start":{"line":158,"column":8},"end":{"line":158,"column":57}},"54":{"start":{"line":162,"column":8},"end":{"line":162,"column":56}},"55":{"start":{"line":163,"column":8},"end":{"line":163,"column":37}},"56":{"start":{"line":164,"column":8},"end":{"line":164,"column":28}},"57":{"start":{"line":165,"column":8},"end":{"line":165,"column":29}},"58":{"start":{"line":172,"column":8},"end":{"line":172,"column":52}},"59":{"start":{"line":177,"column":8},"end":{"line":177,"column":57}},"60":{"start":{"line":178,"column":8},"end":{"line":178,"column":21}},"61":{"start":{"line":182,"column":8},"end":{"line":182,"column":27}},"62":{"start":{"line":187,"column":8},"end":{"line":187,"column":38}},"63":{"start":{"line":196,"column":8},"end":{"line":196,"column":51}},"64":{"start":{"line":200,"column":8},"end":{"line":200,"column":46}},"65":{"start":{"line":201,"column":8},"end":{"line":201,"column":51}},"66":{"start":{"line":202,"column":8},"end":{"line":202,"column":42}}},"branchMap":{"1":{"line":62,"type":"if","locations":[{"start":{"line":62,"column":8},"end":{"line":62,"column":8}},{"start":{"line":62,"column":8},"end":{"line":62,"column":8}}]},"2":{"line":69,"type":"if","locations":[{"start":{"line":69,"column":12},"end":{"line":69,"column":12}},{"start":{"line":69,"column":12},"end":{"line":69,"column":12}}]},"3":{"line":86,"type":"if","locations":[{"start":{"line":86,"column":8},"end":{"line":86,"column":8}},{"start":{"line":86,"column":8},"end":{"line":86,"column":8}}]},"4":{"line":93,"type":"if","locations":[{"start":{"line":93,"column":8},"end":{"line":93,"column":8}},{"start":{"line":93,"column":8},"end":{"line":93,"column":8}}]},"5":{"line":94,"type":"if","locations":[{"start":{"line":94,"column":8},"end":{"line":94,"column":8}},{"start":{"line":94,"column":8},"end":{"line":94,"column":8}}]},"6":{"line":95,"type":"if","locations":[{"start":{"line":95,"column":8},"end":{"line":95,"column":8}},{"start":{"line":95,"column":8},"end":{"line":95,"column":8}}]},"7":{"line":96,"type":"if","locations":[{"start":{"line":96,"column":8},"end":{"line":96,"column":8}},{"start":{"line":96,"column":8},"end":{"line":96,"column":8}}]},"8":{"line":97,"type":"if","locations":[{"start":{"line":97,"column":8},"end":{"line":97,"column":8}},{"start":{"line":97,"column":8},"end":{"line":97,"column":8}}]},"9":{"line":101,"type":"if","locations":[{"start":{"line":101,"column":12},"end":{"line":101,"column":12}},{"start":{"line":101,"column":12},"end":{"line":101,"column":12}}]},"10":{"line":110,"type":"if","locations":[{"start":{"line":110,"column":8},"end":{"line":110,"column":8}},{"start":{"line":110,"column":8},"end":{"line":110,"column":8}}]},"11":{"line":112,"type":"if","locations":[{"start":{"line":112,"column":8},"end":{"line":112,"column":8}},{"start":{"line":112,"column":8},"end":{"line":112,"column":8}}]},"12":{"line":114,"type":"if","locations":[{"start":{"line":114,"column":8},"end":{"line":114,"column":8}},{"start":{"line":114,"column":8},"end":{"line":114,"column":8}}]},"13":{"line":131,"type":"if","locations":[{"start":{"line":131,"column":8},"end":{"line":131,"column":8}},{"start":{"line":131,"column":8},"end":{"line":131,"column":8}}]},"14":{"line":153,"type":"if","locations":[{"start":{"line":153,"column":8},"end":{"line":153,"column":8}},{"start":{"line":153,"column":8},"end":{"line":153,"column":8}}]},"15":{"line":162,"type":"if","locations":[{"start":{"line":162,"column":8},"end":{"line":162,"column":8}},{"start":{"line":162,"column":8},"end":{"line":162,"column":8}}]},"16":{"line":163,"type":"if","locations":[{"start":{"line":163,"column":8},"end":{"line":163,"column":8}},{"start":{"line":163,"column":8},"end":{"line":163,"column":8}}]},"17":{"line":164,"type":"if","locations":[{"start":{"line":164,"column":8},"end":{"line":164,"column":8}},{"start":{"line":164,"column":8},"end":{"line":164,"column":8}}]},"18":{"line":177,"type":"if","locations":[{"start":{"line":177,"column":8},"end":{"line":177,"column":8}},{"start":{"line":177,"column":8},"end":{"line":177,"column":8}}]}}},"contracts/Floot/Floot.sol":{"l":{"30":9,"31":9,"35":0,"39":0,"43":0,"47":0,"51":3,"55":7,"56":7,"57":7,"58":7,"62":7,"63":7,"64":10,"71":0,"72":0,"76":2,"80":40,"82":40,"83":40,"84":46,"87":40,"98":0,"99":0,"103":0,"107":0,"114":12,"119":0,"120":0,"124":0,"125":0,"134":0,"143":0},"path":"/Users/florentbartoli/Documents/rug_marketing/Contracts/contracts/Floot/Floot.sol","s":{"1":9,"2":9,"3":0,"4":0,"5":0,"6":0,"7":3,"8":7,"9":7,"10":7,"11":7,"12":7,"13":7,"14":10,"15":0,"16":0,"17":2,"18":40,"19":40,"20":40,"21":46,"22":40,"23":0,"24":0,"25":0,"26":0,"27":12,"28":0,"29":0,"30":0,"31":0,"32":0},"b":{"1":[7,0],"2":[7,0],"3":[7,0],"4":[7,0],"5":[0,0],"6":[0,0],"7":[0,0]},"f":{"1":9,"2":0,"3":0,"4":0,"5":0,"6":3,"7":7,"8":0,"9":2,"10":40,"11":0,"12":0,"13":12,"14":0,"15":0,"16":0,"17":0},"fnMap":{"1":{"name":"constructor","line":29,"loc":{"start":{"line":29,"column":4},"end":{"line":32,"column":4}}},"2":{"name":"_baseURI","line":34,"loc":{"start":{"line":34,"column":4},"end":{"line":36,"column":4}}},"3":{"name":"setBaseURI","line":38,"loc":{"start":{"line":38,"column":4},"end":{"line":40,"column":4}}},"4":{"name":"changePrice","line":42,"loc":{"start":{"line":42,"column":4},"end":{"line":44,"column":4}}},"5":{"name":"setTokenURI","line":46,"loc":{"start":{"line":46,"column":4},"end":{"line":48,"column":4}}},"6":{"name":"setStart","line":50,"loc":{"start":{"line":50,"column":4},"end":{"line":52,"column":4}}},"7":{"name":"getFucked","line":54,"loc":{"start":{"line":54,"column":4},"end":{"line":68,"column":4}}},"8":{"name":"distroDust","line":70,"loc":{"start":{"line":70,"column":4},"end":{"line":73,"column":4}}},"9":{"name":"changeWallet","line":75,"loc":{"start":{"line":75,"column":4},"end":{"line":77,"column":4}}},"10":{"name":"walletInventory","line":79,"loc":{"start":{"line":79,"column":4},"end":{"line":88,"column":4}}},"11":{"name":"isApprovedForAll","line":93,"loc":{"start":{"line":93,"column":4},"end":{"line":104,"column":4}}},"12":{"name":"safeMint","line":106,"loc":{"start":{"line":106,"column":4},"end":{"line":108,"column":4}}},"13":{"name":"_beforeTokenTransfer","line":110,"loc":{"start":{"line":110,"column":4},"end":{"line":115,"column":4}}},"14":{"name":"burn","line":117,"loc":{"start":{"line":117,"column":4},"end":{"line":121,"column":4}}},"15":{"name":"_burn","line":123,"loc":{"start":{"line":123,"column":4},"end":{"line":126,"column":4}}},"16":{"name":"tokenURI","line":128,"loc":{"start":{"line":128,"column":4},"end":{"line":135,"column":4}}},"17":{"name":"supportsInterface","line":137,"loc":{"start":{"line":137,"column":4},"end":{"line":144,"column":4}}}},"statementMap":{"1":{"start":{"line":30,"column":8},"end":{"line":30,"column":25}},"2":{"start":{"line":31,"column":8},"end":{"line":31,"column":35}},"3":{"start":{"line":35,"column":8},"end":{"line":35,"column":22}},"4":{"start":{"line":39,"column":8},"end":{"line":39,"column":24}},"5":{"start":{"line":43,"column":8},"end":{"line":43,"column":24}},"6":{"start":{"line":47,"column":8},"end":{"line":47,"column":40}},"7":{"start":{"line":51,"column":8},"end":{"line":51,"column":23}},"8":{"start":{"line":55,"column":8},"end":{"line":55,"column":47}},"9":{"start":{"line":56,"column":8},"end":{"line":56,"column":91}},"10":{"start":{"line":57,"column":8},"end":{"line":57,"column":79}},"11":{"start":{"line":58,"column":8},"end":{"line":58,"column":70}},"12":{"start":{"line":62,"column":8},"end":{"line":62,"column":64}},"13":{"start":{"line":63,"column":8},"end":{"line":63,"column":2131}},"14":{"start":{"line":64,"column":12},"end":{"line":64,"column":49}},"15":{"start":{"line":71,"column":8},"end":{"line":71,"column":56}},"16":{"start":{"line":72,"column":8},"end":{"line":72,"column":54}},"17":{"start":{"line":76,"column":8},"end":{"line":76,"column":26}},"18":{"start":{"line":80,"column":8},"end":{"line":80,"column":46}},"19":{"start":{"line":82,"column":8},"end":{"line":82,"column":61}},"20":{"start":{"line":83,"column":8},"end":{"line":83,"column":2755}},"21":{"start":{"line":84,"column":12},"end":{"line":84,"column":55}},"22":{"start":{"line":87,"column":8},"end":{"line":87,"column":23}},"23":{"start":{"line":98,"column":8},"end":{"line":98,"column":3197}},"24":{"start":{"line":99,"column":12},"end":{"line":99,"column":23}},"25":{"start":{"line":103,"column":8},"end":{"line":103,"column":57}},"26":{"start":{"line":107,"column":8},"end":{"line":107,"column":29}},"27":{"start":{"line":114,"column":8},"end":{"line":114,"column":52}},"28":{"start":{"line":119,"column":8},"end":{"line":119,"column":109}},"29":{"start":{"line":120,"column":8},"end":{"line":120,"column":21}},"30":{"start":{"line":124,"column":8},"end":{"line":124,"column":27}},"31":{"start":{"line":134,"column":8},"end":{"line":134,"column":38}},"32":{"start":{"line":143,"column":8},"end":{"line":143,"column":51}}},"branchMap":{"1":{"line":55,"type":"if","locations":[{"start":{"line":55,"column":8},"end":{"line":55,"column":8}},{"start":{"line":55,"column":8},"end":{"line":55,"column":8}}]},"2":{"line":56,"type":"if","locations":[{"start":{"line":56,"column":8},"end":{"line":56,"column":8}},{"start":{"line":56,"column":8},"end":{"line":56,"column":8}}]},"3":{"line":57,"type":"if","locations":[{"start":{"line":57,"column":8},"end":{"line":57,"column":8}},{"start":{"line":57,"column":8},"end":{"line":57,"column":8}}]},"4":{"line":58,"type":"if","locations":[{"start":{"line":58,"column":8},"end":{"line":58,"column":8}},{"start":{"line":58,"column":8},"end":{"line":58,"column":8}}]},"5":{"line":72,"type":"if","locations":[{"start":{"line":72,"column":8},"end":{"line":72,"column":8}},{"start":{"line":72,"column":8},"end":{"line":72,"column":8}}]},"6":{"line":98,"type":"if","locations":[{"start":{"line":98,"column":8},"end":{"line":98,"column":8}},{"start":{"line":98,"column":8},"end":{"line":98,"column":8}}]},"7":{"line":119,"type":"if","locations":[{"start":{"line":119,"column":8},"end":{"line":119,"column":8}},{"start":{"line":119,"column":8},"end":{"line":119,"column":8}}]}}},"contracts/Floot/flootClaimV2.sol":{"l":{"62":6,"63":6,"64":6,"68":3,"69":3,"79":6,"80":0,"82":6,"86":6,"94":0,"96":0,"100":0,"102":0,"106":4,"108":4,"112":4,"114":4,"118":0,"119":0,"123":2,"124":2,"128":3,"132":7,"133":7,"134":7,"135":7,"137":7,"138":5,"139":5,"142":7,"144":7,"146":7,"147":21,"148":21,"149":21,"152":7,"153":7,"155":0,"158":7,"160":7,"161":7,"165":11,"166":11,"168":11,"169":8,"170":8,"171":8,"174":11,"178":4,"179":4,"181":2,"183":2,"184":2,"185":2,"186":2,"192":4,"193":2,"194":2,"196":2,"197":2,"198":2,"199":2,"200":2,"202":2,"205":2,"206":2,"207":2,"212":2,"213":2,"214":2,"216":0,"219":2,"220":2,"222":2,"224":2,"225":2,"227":0,"235":0,"236":0,"238":0,"240":0,"242":0,"243":0,"244":0,"246":0,"249":0,"250":0,"254":0,"256":0,"257":0,"259":0,"261":0,"266":16,"267":16,"270":16,"271":20,"274":16,"278":20,"279":20,"280":0,"283":20,"284":20,"285":20,"288":20,"289":18,"291":2,"296":22,"297":22,"300":22,"301":24,"304":22,"308":0,"313":0,"314":0,"315":0,"316":0,"317":0,"318":0,"320":0,"321":0,"323":0,"325":0,"326":0,"327":0,"328":0,"331":0,"332":0,"334":0,"337":0,"339":0,"344":6,"356":0,"357":0,"361":0,"362":0,"366":2,"367":2,"368":2,"372":0,"376":4,"380":2,"384":0,"385":0,"386":0},"path":"/Users/florentbartoli/Documents/rug_marketing/Contracts/contracts/Floot/flootClaimV2.sol","s":{"1":6,"2":6,"3":6,"4":6,"5":0,"6":6,"7":0,"8":0,"9":0,"10":0,"11":4,"12":4,"13":4,"14":4,"15":0,"16":0,"17":2,"18":2,"19":3,"20":7,"21":7,"22":7,"23":7,"24":7,"25":5,"26":5,"27":7,"28":7,"29":7,"30":21,"31":21,"32":21,"33":7,"34":7,"35":0,"36":7,"37":7,"38":7,"39":11,"40":11,"41":11,"42":8,"43":8,"44":8,"45":11,"46":4,"47":4,"48":2,"49":2,"50":2,"51":2,"52":2,"53":4,"54":2,"55":2,"56":2,"57":2,"58":2,"59":2,"60":2,"61":2,"62":2,"63":2,"64":2,"65":2,"66":2,"67":2,"68":0,"69":2,"70":2,"71":2,"72":2,"73":2,"74":0,"75":0,"76":0,"77":0,"78":0,"79":0,"80":0,"81":0,"82":0,"83":0,"84":0,"85":0,"86":0,"87":0,"88":0,"89":0,"90":0,"91":16,"92":16,"93":16,"94":20,"95":16,"96":20,"97":20,"98":0,"99":20,"100":20,"101":20,"102":20,"103":18,"104":2,"105":22,"106":22,"107":22,"108":24,"109":22,"110":0,"111":0,"112":0,"113":0,"114":0,"115":0,"116":0,"117":0,"118":0,"119":0,"120":0,"121":0,"122":0,"123":0,"124":0,"125":0,"126":0,"127":0,"128":0,"129":6,"130":0,"131":0,"132":0,"133":0,"134":2,"135":2,"136":2,"137":0,"138":4,"139":2,"140":0,"141":0,"142":0},"b":{"1":[0,6],"2":[5,2],"3":[7,0],"4":[4,0],"5":[2,2],"6":[2,0],"7":[2,2],"8":[2,0],"9":[2,0],"10":[0,0],"11":[0,0],"12":[0,0],"13":[0,0],"14":[0,20],"15":[18,2],"16":[0,0],"17":[0,0],"18":[2,0],"19":[0,0]},"f":{"1":6,"2":6,"3":6,"4":0,"5":4,"6":0,"7":2,"8":3,"9":7,"10":11,"11":4,"12":4,"13":0,"14":16,"15":20,"16":22,"17":0,"18":0,"19":6,"20":0,"21":0,"22":2,"23":0,"24":4,"25":2,"26":0},"fnMap":{"1":{"name":"constructor","line":61,"loc":{"start":{"line":61,"column":4},"end":{"line":65,"column":4}}},"2":{"name":"onERC721Received","line":72,"loc":{"start":{"line":72,"column":4},"end":{"line":83,"column":4}}},"3":{"name":"stringToBytes32","line":85,"loc":{"start":{"line":85,"column":4},"end":{"line":89,"column":4}}},"4":{"name":"random721","line":91,"loc":{"start":{"line":91,"column":4},"end":{"line":103,"column":4}}},"5":{"name":"send721","line":105,"loc":{"start":{"line":105,"column":4},"end":{"line":115,"column":4}}},"6":{"name":"pickLuckyFuck","line":117,"loc":{"start":{"line":117,"column":4},"end":{"line":120,"column":4}}},"7":{"name":"fundEther","line":122,"loc":{"start":{"line":122,"column":4},"end":{"line":125,"column":4}}},"8":{"name":"ethBalance","line":127,"loc":{"start":{"line":127,"column":4},"end":{"line":129,"column":4}}},"9":{"name":"updatePayout","line":131,"loc":{"start":{"line":131,"column":4},"end":{"line":162,"column":4}}},"10":{"name":"updateNewHolders","line":164,"loc":{"start":{"line":164,"column":4},"end":{"line":175,"column":4}}},"11":{"name":"claimNFTs","line":177,"loc":{"start":{"line":177,"column":4},"end":{"line":189,"column":4}}},"12":{"name":"claimPending","line":191,"loc":{"start":{"line":191,"column":4},"end":{"line":232,"column":4}}},"13":{"name":"claimPendingToken","line":234,"loc":{"start":{"line":234,"column":4},"end":{"line":263,"column":4}}},"14":{"name":"viewAcctPending","line":265,"loc":{"start":{"line":265,"column":4},"end":{"line":275,"column":4}}},"15":{"name":"viewTokenPending","line":277,"loc":{"start":{"line":277,"column":4},"end":{"line":293,"column":4}}},"16":{"name":"viewNumberNftPending","line":295,"loc":{"start":{"line":295,"column":4},"end":{"line":305,"column":4}}},"17":{"name":"viewNftPending","line":307,"loc":{"start":{"line":307,"column":4},"end":{"line":309,"column":4}}},"18":{"name":"viewLatestClaimAmount","line":312,"loc":{"start":{"line":312,"column":4},"end":{"line":340,"column":4}}},"19":{"name":"addPayoutPool","line":342,"loc":{"start":{"line":342,"column":4},"end":{"line":353,"column":4}}},"20":{"name":"rescueTokens","line":355,"loc":{"start":{"line":355,"column":4},"end":{"line":358,"column":4}}},"21":{"name":"rescueTokens2","line":360,"loc":{"start":{"line":360,"column":4},"end":{"line":363,"column":4}}},"22":{"name":"rescueEther","line":365,"loc":{"start":{"line":365,"column":4},"end":{"line":369,"column":4}}},"23":{"name":"changeFloot","line":371,"loc":{"start":{"line":371,"column":4},"end":{"line":373,"column":4}}},"24":{"name":"haltClaims","line":375,"loc":{"start":{"line":375,"column":4},"end":{"line":377,"column":4}}},"25":{"name":"payoutPoolLength","line":379,"loc":{"start":{"line":379,"column":4},"end":{"line":381,"column":4}}},"26":{"name":"depositERC20","line":383,"loc":{"start":{"line":383,"column":4},"end":{"line":387,"column":4}}}},"statementMap":{"1":{"start":{"line":62,"column":8},"end":{"line":62,"column":31}},"2":{"start":{"line":63,"column":8},"end":{"line":63,"column":64}},"3":{"start":{"line":64,"column":8},"end":{"line":64,"column":46}},"4":{"start":{"line":79,"column":8},"end":{"line":79,"column":2712}},"5":{"start":{"line":80,"column":12},"end":{"line":80,"column":41}},"6":{"start":{"line":82,"column":8},"end":{"line":82,"column":45}},"7":{"start":{"line":94,"column":8},"end":{"line":94,"column":43}},"8":{"start":{"line":96,"column":8},"end":{"line":96,"column":88}},"9":{"start":{"line":100,"column":8},"end":{"line":100,"column":45}},"10":{"start":{"line":102,"column":8},"end":{"line":102,"column":46}},"11":{"start":{"line":106,"column":8},"end":{"line":106,"column":86}},"12":{"start":{"line":108,"column":8},"end":{"line":108,"column":89}},"13":{"start":{"line":112,"column":8},"end":{"line":112,"column":46}},"14":{"start":{"line":114,"column":8},"end":{"line":114,"column":48}},"15":{"start":{"line":118,"column":8},"end":{"line":118,"column":107}},"16":{"start":{"line":119,"column":8},"end":{"line":119,"column":42}},"17":{"start":{"line":123,"column":8},"end":{"line":123,"column":44}},"18":{"start":{"line":124,"column":8},"end":{"line":124,"column":22}},"19":{"start":{"line":128,"column":8},"end":{"line":128,"column":36}},"20":{"start":{"line":132,"column":8},"end":{"line":132,"column":52}},"21":{"start":{"line":133,"column":8},"end":{"line":133,"column":49}},"22":{"start":{"line":134,"column":8},"end":{"line":134,"column":25}},"23":{"start":{"line":135,"column":8},"end":{"line":135,"column":25}},"24":{"start":{"line":137,"column":8},"end":{"line":137,"column":4623}},"25":{"start":{"line":138,"column":12},"end":{"line":138,"column":50}},"26":{"start":{"line":139,"column":12},"end":{"line":139,"column":44}},"27":{"start":{"line":142,"column":8},"end":{"line":142,"column":28}},"28":{"start":{"line":144,"column":8},"end":{"line":144,"column":30}},"29":{"start":{"line":146,"column":8},"end":{"line":146,"column":4847}},"30":{"start":{"line":147,"column":12},"end":{"line":147,"column":57}},"31":{"start":{"line":148,"column":12},"end":{"line":148,"column":61}},"32":{"start":{"line":149,"column":12},"end":{"line":149,"column":61}},"33":{"start":{"line":152,"column":8},"end":{"line":152,"column":5124}},"34":{"start":{"line":153,"column":12},"end":{"line":153,"column":49}},"35":{"start":{"line":155,"column":12},"end":{"line":155,"column":79}},"36":{"start":{"line":158,"column":8},"end":{"line":158,"column":71}},"37":{"start":{"line":160,"column":8},"end":{"line":160,"column":63}},"38":{"start":{"line":161,"column":8},"end":{"line":161,"column":35}},"39":{"start":{"line":165,"column":8},"end":{"line":165,"column":52}},"40":{"start":{"line":166,"column":8},"end":{"line":166,"column":49}},"41":{"start":{"line":168,"column":8},"end":{"line":168,"column":5735}},"42":{"start":{"line":169,"column":12},"end":{"line":169,"column":57}},"43":{"start":{"line":170,"column":12},"end":{"line":170,"column":79}},"44":{"start":{"line":171,"column":12},"end":{"line":171,"column":52}},"45":{"start":{"line":174,"column":8},"end":{"line":174,"column":33}},"46":{"start":{"line":178,"column":8},"end":{"line":178,"column":55}},"47":{"start":{"line":179,"column":8},"end":{"line":179,"column":102}},"48":{"start":{"line":181,"column":8},"end":{"line":181,"column":65}},"49":{"start":{"line":183,"column":8},"end":{"line":183,"column":6366}},"50":{"start":{"line":184,"column":12},"end":{"line":184,"column":6444}},"51":{"start":{"line":185,"column":16},"end":{"line":185,"column":122}},"52":{"start":{"line":186,"column":16},"end":{"line":186,"column":47}},"53":{"start":{"line":192,"column":8},"end":{"line":192,"column":55}},"54":{"start":{"line":193,"column":8},"end":{"line":193,"column":25}},"55":{"start":{"line":194,"column":8},"end":{"line":194,"column":52}},"56":{"start":{"line":196,"column":8},"end":{"line":196,"column":74}},"57":{"start":{"line":197,"column":8},"end":{"line":197,"column":77}},"58":{"start":{"line":198,"column":8},"end":{"line":198,"column":32}},"59":{"start":{"line":199,"column":8},"end":{"line":199,"column":23}},"60":{"start":{"line":200,"column":8},"end":{"line":200,"column":26}},"61":{"start":{"line":202,"column":8},"end":{"line":202,"column":27}},"62":{"start":{"line":205,"column":8},"end":{"line":205,"column":7208}},"63":{"start":{"line":206,"column":12},"end":{"line":206,"column":69}},"64":{"start":{"line":207,"column":12},"end":{"line":207,"column":75}},"65":{"start":{"line":212,"column":8},"end":{"line":212,"column":7508}},"66":{"start":{"line":213,"column":12},"end":{"line":213,"column":55}},"67":{"start":{"line":214,"column":12},"end":{"line":214,"column":64}},"68":{"start":{"line":216,"column":12},"end":{"line":216,"column":18}},"69":{"start":{"line":219,"column":8},"end":{"line":219,"column":7838}},"70":{"start":{"line":220,"column":12},"end":{"line":220,"column":78}},"71":{"start":{"line":222,"column":8},"end":{"line":222,"column":36}},"72":{"start":{"line":224,"column":8},"end":{"line":224,"column":7962}},"73":{"start":{"line":225,"column":12},"end":{"line":225,"column":61}},"74":{"start":{"line":227,"column":12},"end":{"line":227,"column":75}},"75":{"start":{"line":235,"column":8},"end":{"line":235,"column":55}},"76":{"start":{"line":236,"column":8},"end":{"line":236,"column":53}},"77":{"start":{"line":238,"column":8},"end":{"line":238,"column":25}},"78":{"start":{"line":240,"column":8},"end":{"line":240,"column":52}},"79":{"start":{"line":242,"column":8},"end":{"line":242,"column":54}},"80":{"start":{"line":243,"column":8},"end":{"line":243,"column":61}},"81":{"start":{"line":244,"column":8},"end":{"line":244,"column":67}},"82":{"start":{"line":246,"column":8},"end":{"line":246,"column":27}},"83":{"start":{"line":249,"column":8},"end":{"line":249,"column":8844}},"84":{"start":{"line":250,"column":12},"end":{"line":250,"column":55}},"85":{"start":{"line":251,"column":14},"end":{"line":251,"column":20}},"86":{"start":{"line":254,"column":8},"end":{"line":254,"column":57}},"87":{"start":{"line":256,"column":8},"end":{"line":256,"column":9151}},"88":{"start":{"line":257,"column":12},"end":{"line":257,"column":61}},"89":{"start":{"line":259,"column":12},"end":{"line":259,"column":75}},"90":{"start":{"line":261,"column":8},"end":{"line":261,"column":36}},"91":{"start":{"line":266,"column":8},"end":{"line":266,"column":71}},"92":{"start":{"line":267,"column":8},"end":{"line":267,"column":23}},"93":{"start":{"line":270,"column":8},"end":{"line":270,"column":9676}},"94":{"start":{"line":271,"column":12},"end":{"line":271,"column":65}},"95":{"start":{"line":274,"column":8},"end":{"line":274,"column":22}},"96":{"start":{"line":278,"column":8},"end":{"line":278,"column":52}},"97":{"start":{"line":279,"column":8},"end":{"line":279,"column":10012}},"98":{"start":{"line":280,"column":12},"end":{"line":280,"column":20}},"99":{"start":{"line":283,"column":8},"end":{"line":283,"column":54}},"100":{"start":{"line":284,"column":8},"end":{"line":284,"column":56}},"101":{"start":{"line":285,"column":8},"end":{"line":285,"column":62}},"102":{"start":{"line":288,"column":8},"end":{"line":288,"column":10385}},"103":{"start":{"line":289,"column":12},"end":{"line":289,"column":49}},"104":{"start":{"line":291,"column":12},"end":{"line":291,"column":20}},"105":{"start":{"line":296,"column":8},"end":{"line":296,"column":71}},"106":{"start":{"line":297,"column":8},"end":{"line":297,"column":23}},"107":{"start":{"line":300,"column":8},"end":{"line":300,"column":10787}},"108":{"start":{"line":301,"column":12},"end":{"line":301,"column":63}},"109":{"start":{"line":304,"column":8},"end":{"line":304,"column":22}},"110":{"start":{"line":308,"column":8},"end":{"line":308,"column":37}},"111":{"start":{"line":313,"column":8},"end":{"line":313,"column":52}},"112":{"start":{"line":314,"column":8},"end":{"line":314,"column":49}},"113":{"start":{"line":315,"column":8},"end":{"line":315,"column":25}},"114":{"start":{"line":316,"column":8},"end":{"line":316,"column":25}},"115":{"start":{"line":317,"column":8},"end":{"line":317,"column":28}},"116":{"start":{"line":318,"column":8},"end":{"line":318,"column":30}},"117":{"start":{"line":320,"column":8},"end":{"line":320,"column":11511}},"118":{"start":{"line":321,"column":12},"end":{"line":321,"column":50}},"119":{"start":{"line":323,"column":8},"end":{"line":323,"column":59}},"120":{"start":{"line":325,"column":8},"end":{"line":325,"column":11640}},"121":{"start":{"line":326,"column":12},"end":{"line":326,"column":57}},"122":{"start":{"line":327,"column":12},"end":{"line":327,"column":61}},"123":{"start":{"line":328,"column":12},"end":{"line":328,"column":61}},"124":{"start":{"line":331,"column":8},"end":{"line":331,"column":11917}},"125":{"start":{"line":332,"column":12},"end":{"line":332,"column":49}},"126":{"start":{"line":334,"column":12},"end":{"line":334,"column":79}},"127":{"start":{"line":337,"column":8},"end":{"line":337,"column":71}},"128":{"start":{"line":339,"column":8},"end":{"line":339,"column":49}},"129":{"start":{"line":344,"column":8},"end":{"line":344,"column":12441}},"130":{"start":{"line":356,"column":8},"end":{"line":356,"column":58}},"131":{"start":{"line":357,"column":8},"end":{"line":357,"column":19}},"132":{"start":{"line":361,"column":8},"end":{"line":361,"column":54}},"133":{"start":{"line":362,"column":8},"end":{"line":362,"column":19}},"134":{"start":{"line":366,"column":8},"end":{"line":366,"column":54}},"135":{"start":{"line":367,"column":8},"end":{"line":367,"column":75}},"136":{"start":{"line":368,"column":8},"end":{"line":368,"column":54}},"137":{"start":{"line":372,"column":8},"end":{"line":372,"column":34}},"138":{"start":{"line":376,"column":8},"end":{"line":376,"column":19}},"139":{"start":{"line":380,"column":8},"end":{"line":380,"column":32}},"140":{"start":{"line":384,"column":8},"end":{"line":384,"column":70}},"141":{"start":{"line":385,"column":8},"end":{"line":385,"column":73}},"142":{"start":{"line":386,"column":8},"end":{"line":386,"column":25}}},"branchMap":{"1":{"line":79,"type":"if","locations":[{"start":{"line":79,"column":8},"end":{"line":79,"column":8}},{"start":{"line":79,"column":8},"end":{"line":79,"column":8}}]},"2":{"line":137,"type":"if","locations":[{"start":{"line":137,"column":8},"end":{"line":137,"column":8}},{"start":{"line":137,"column":8},"end":{"line":137,"column":8}}]},"3":{"line":152,"type":"if","locations":[{"start":{"line":152,"column":8},"end":{"line":152,"column":8}},{"start":{"line":152,"column":8},"end":{"line":152,"column":8}}]},"4":{"line":178,"type":"if","locations":[{"start":{"line":178,"column":8},"end":{"line":178,"column":8}},{"start":{"line":178,"column":8},"end":{"line":178,"column":8}}]},"5":{"line":179,"type":"if","locations":[{"start":{"line":179,"column":8},"end":{"line":179,"column":8}},{"start":{"line":179,"column":8},"end":{"line":179,"column":8}}]},"6":{"line":184,"type":"if","locations":[{"start":{"line":184,"column":12},"end":{"line":184,"column":12}},{"start":{"line":184,"column":12},"end":{"line":184,"column":12}}]},"7":{"line":192,"type":"if","locations":[{"start":{"line":192,"column":8},"end":{"line":192,"column":8}},{"start":{"line":192,"column":8},"end":{"line":192,"column":8}}]},"8":{"line":212,"type":"if","locations":[{"start":{"line":212,"column":8},"end":{"line":212,"column":8}},{"start":{"line":212,"column":8},"end":{"line":212,"column":8}}]},"9":{"line":224,"type":"if","locations":[{"start":{"line":224,"column":8},"end":{"line":224,"column":8}},{"start":{"line":224,"column":8},"end":{"line":224,"column":8}}]},"10":{"line":235,"type":"if","locations":[{"start":{"line":235,"column":8},"end":{"line":235,"column":8}},{"start":{"line":235,"column":8},"end":{"line":235,"column":8}}]},"11":{"line":236,"type":"if","locations":[{"start":{"line":236,"column":8},"end":{"line":236,"column":8}},{"start":{"line":236,"column":8},"end":{"line":236,"column":8}}]},"12":{"line":249,"type":"if","locations":[{"start":{"line":249,"column":8},"end":{"line":249,"column":8}},{"start":{"line":249,"column":8},"end":{"line":249,"column":8}}]},"13":{"line":256,"type":"if","locations":[{"start":{"line":256,"column":8},"end":{"line":256,"column":8}},{"start":{"line":256,"column":8},"end":{"line":256,"column":8}}]},"14":{"line":279,"type":"if","locations":[{"start":{"line":279,"column":8},"end":{"line":279,"column":8}},{"start":{"line":279,"column":8},"end":{"line":279,"column":8}}]},"15":{"line":288,"type":"if","locations":[{"start":{"line":288,"column":8},"end":{"line":288,"column":8}},{"start":{"line":288,"column":8},"end":{"line":288,"column":8}}]},"16":{"line":320,"type":"if","locations":[{"start":{"line":320,"column":8},"end":{"line":320,"column":8}},{"start":{"line":320,"column":8},"end":{"line":320,"column":8}}]},"17":{"line":331,"type":"if","locations":[{"start":{"line":331,"column":8},"end":{"line":331,"column":8}},{"start":{"line":331,"column":8},"end":{"line":331,"column":8}}]},"18":{"line":368,"type":"if","locations":[{"start":{"line":368,"column":8},"end":{"line":368,"column":8}},{"start":{"line":368,"column":8},"end":{"line":368,"column":8}}]},"19":{"line":384,"type":"if","locations":[{"start":{"line":384,"column":8},"end":{"line":384,"column":8}},{"start":{"line":384,"column":8},"end":{"line":384,"column":8}}]}}},"contracts/Floot/FlootClaimV2P.sol":{"l":{"57":6,"58":6,"59":6,"60":6,"61":6,"62":6,"63":6,"73":3,"74":3,"75":3,"85":6,"87":6,"88":2,"90":6,"96":2,"98":2,"102":2,"104":2,"108":4,"110":4,"114":4,"116":4,"120":2,"121":2,"125":4,"126":2,"127":2,"131":3,"135":8,"136":8,"137":8,"138":8,"139":8,"141":8,"142":5,"143":5,"146":8,"148":8,"150":8,"151":25,"152":25,"153":25,"156":8,"157":7,"159":1,"162":8,"163":8,"164":8,"168":11,"169":11,"171":11,"172":8,"173":8,"174":8,"177":11,"181":6,"182":6,"184":4,"186":4,"187":3,"188":3,"189":3,"195":0,"196":0,"198":0,"200":0,"201":0,"202":0,"203":0,"209":4,"210":2,"211":2,"213":2,"214":2,"215":2,"216":2,"217":2,"218":2,"220":2,"223":2,"224":2,"225":2,"230":2,"231":2,"232":2,"234":0,"238":2,"239":2,"241":2,"243":2,"244":2,"246":0,"253":0,"254":0,"256":0,"258":0,"260":0,"261":0,"262":0,"264":0,"267":0,"268":0,"272":0,"274":0,"275":0,"277":0,"279":0,"284":0,"288":17,"289":17,"292":17,"293":21,"296":17,"300":21,"301":21,"302":0,"305":21,"306":21,"307":21,"310":21,"311":19,"313":2,"318":25,"319":25,"322":25,"323":27,"324":17,"325":13,"329":25,"366":7,"373":7,"374":4,"375":4,"380":0,"381":0,"385":0,"386":0,"390":2,"391":2,"392":2,"396":0,"400":4,"404":4,"408":1,"409":1,"410":1},"path":"/Users/florentbartoli/Documents/rug_marketing/Contracts/contracts/Floot/FlootClaimV2P.sol","s":{"1":6,"2":6,"3":6,"4":6,"5":6,"6":6,"7":6,"8":6,"9":6,"10":2,"11":6,"12":2,"13":2,"14":2,"15":2,"16":4,"17":4,"18":4,"19":4,"20":2,"21":2,"22":4,"23":2,"24":2,"25":3,"26":8,"27":8,"28":8,"29":8,"30":8,"31":8,"32":5,"33":5,"34":8,"35":8,"36":8,"37":25,"38":25,"39":25,"40":8,"41":7,"42":1,"43":8,"44":8,"45":8,"46":11,"47":11,"48":11,"49":8,"50":8,"51":8,"52":11,"53":6,"54":6,"55":4,"56":4,"57":3,"58":3,"59":3,"60":0,"61":0,"62":0,"63":0,"64":0,"65":0,"66":0,"67":4,"68":2,"69":2,"70":2,"71":2,"72":2,"73":2,"74":2,"75":2,"76":2,"77":2,"78":2,"79":2,"80":2,"81":2,"82":2,"83":0,"84":2,"85":2,"86":2,"87":2,"88":2,"89":0,"90":0,"91":0,"92":0,"93":0,"94":0,"95":0,"96":0,"97":0,"98":0,"99":0,"100":0,"101":0,"102":0,"103":0,"104":0,"105":0,"106":0,"107":17,"108":17,"109":17,"110":21,"111":17,"112":21,"113":21,"114":0,"115":21,"116":21,"117":21,"118":21,"119":19,"120":2,"121":25,"122":25,"123":25,"124":27,"125":17,"126":25,"127":7,"128":7,"129":4,"130":4,"131":0,"132":0,"133":0,"134":0,"135":2,"136":2,"137":2,"138":0,"139":4,"140":4,"141":1,"142":1,"143":1},"b":{"1":[3,0],"2":[2,4],"3":[2,2],"4":[8,0],"5":[5,3],"6":[7,1],"7":[6,0],"8":[4,2],"9":[3,0],"10":[0,0],"11":[0,0],"12":[0,0],"13":[2,2],"14":[2,0],"15":[2,0],"16":[2,0],"17":[0,0],"18":[0,0],"19":[0,0],"20":[0,0],"21":[0,21],"22":[19,2],"23":[13,4],"24":[2,0],"25":[1,0]},"f":{"1":3,"2":6,"3":0,"4":6,"5":2,"6":4,"7":2,"8":4,"9":3,"10":8,"11":11,"12":6,"13":0,"14":4,"15":0,"16":0,"17":17,"18":21,"19":25,"20":7,"21":0,"22":0,"23":2,"24":0,"25":4,"26":4,"27":1},"fnMap":{"1":{"name":"constructor","line":55,"loc":{"start":{"line":55,"column":4},"end":{"line":55,"column":31}}},"2":{"name":"initialize","line":56,"loc":{"start":{"line":56,"column":4},"end":{"line":64,"column":4}}},"3":{"name":"_authorizeUpgrade","line":68,"loc":{"start":{"line":66,"column":4},"end":{"line":70,"column":5}}},"4":{"name":"onERC721Received","line":78,"loc":{"start":{"line":78,"column":4},"end":{"line":91,"column":4}}},"5":{"name":"random721","line":93,"loc":{"start":{"line":93,"column":4},"end":{"line":105,"column":4}}},"6":{"name":"send721","line":107,"loc":{"start":{"line":107,"column":4},"end":{"line":117,"column":4}}},"7":{"name":"pickLuckyFuck","line":119,"loc":{"start":{"line":119,"column":4},"end":{"line":122,"column":4}}},"8":{"name":"fundEther","line":124,"loc":{"start":{"line":124,"column":4},"end":{"line":128,"column":4}}},"9":{"name":"ethBalance","line":130,"loc":{"start":{"line":130,"column":4},"end":{"line":132,"column":4}}},"10":{"name":"updatePayout","line":134,"loc":{"start":{"line":134,"column":4},"end":{"line":165,"column":4}}},"11":{"name":"updateNewHolders","line":167,"loc":{"start":{"line":167,"column":4},"end":{"line":178,"column":4}}},"12":{"name":"claimNFTsPending","line":180,"loc":{"start":{"line":180,"column":4},"end":{"line":192,"column":4}}},"13":{"name":"claimOneNFTPending","line":194,"loc":{"start":{"line":194,"column":4},"end":{"line":206,"column":4}}},"14":{"name":"claimAcctPending","line":208,"loc":{"start":{"line":208,"column":4},"end":{"line":250,"column":4}}},"15":{"name":"claimTokenPending","line":252,"loc":{"start":{"line":252,"column":4},"end":{"line":281,"column":4}}},"16":{"name":"viewNFTsPending","line":283,"loc":{"start":{"line":283,"column":4},"end":{"line":285,"column":4}}},"17":{"name":"viewAcctPending","line":287,"loc":{"start":{"line":287,"column":4},"end":{"line":297,"column":4}}},"18":{"name":"viewTokenPending","line":299,"loc":{"start":{"line":299,"column":4},"end":{"line":315,"column":4}}},"19":{"name":"viewNumberNftPending","line":317,"loc":{"start":{"line":317,"column":4},"end":{"line":330,"column":4}}},"20":{"name":"addPayoutPool","line":365,"loc":{"start":{"line":365,"column":4},"end":{"line":377,"column":4}}},"21":{"name":"rescueTokens","line":379,"loc":{"start":{"line":379,"column":4},"end":{"line":382,"column":4}}},"22":{"name":"rescueTokens2","line":384,"loc":{"start":{"line":384,"column":4},"end":{"line":387,"column":4}}},"23":{"name":"rescueEther","line":389,"loc":{"start":{"line":389,"column":4},"end":{"line":393,"column":4}}},"24":{"name":"changeFloot","line":395,"loc":{"start":{"line":395,"column":4},"end":{"line":397,"column":4}}},"25":{"name":"haltClaims","line":399,"loc":{"start":{"line":399,"column":4},"end":{"line":401,"column":4}}},"26":{"name":"payoutPoolLength","line":403,"loc":{"start":{"line":403,"column":4},"end":{"line":405,"column":4}}},"27":{"name":"depositERC20","line":407,"loc":{"start":{"line":407,"column":4},"end":{"line":411,"column":4}}}},"statementMap":{"1":{"start":{"line":57,"column":8},"end":{"line":57,"column":23}},"2":{"start":{"line":58,"column":8},"end":{"line":58,"column":28}},"3":{"start":{"line":59,"column":8},"end":{"line":59,"column":31}},"4":{"start":{"line":60,"column":8},"end":{"line":60,"column":31}},"5":{"start":{"line":61,"column":8},"end":{"line":61,"column":19}},"6":{"start":{"line":62,"column":8},"end":{"line":62,"column":64}},"7":{"start":{"line":63,"column":8},"end":{"line":63,"column":46}},"8":{"start":{"line":85,"column":8},"end":{"line":85,"column":42}},"9":{"start":{"line":87,"column":8},"end":{"line":87,"column":3420}},"10":{"start":{"line":88,"column":12},"end":{"line":88,"column":41}},"11":{"start":{"line":90,"column":8},"end":{"line":90,"column":45}},"12":{"start":{"line":96,"column":8},"end":{"line":96,"column":43}},"13":{"start":{"line":98,"column":8},"end":{"line":98,"column":88}},"14":{"start":{"line":102,"column":8},"end":{"line":102,"column":45}},"15":{"start":{"line":104,"column":8},"end":{"line":104,"column":46}},"16":{"start":{"line":108,"column":8},"end":{"line":108,"column":96}},"17":{"start":{"line":110,"column":8},"end":{"line":110,"column":89}},"18":{"start":{"line":114,"column":8},"end":{"line":114,"column":46}},"19":{"start":{"line":116,"column":8},"end":{"line":116,"column":48}},"20":{"start":{"line":120,"column":8},"end":{"line":120,"column":107}},"21":{"start":{"line":121,"column":8},"end":{"line":121,"column":42}},"22":{"start":{"line":125,"column":8},"end":{"line":125,"column":39}},"23":{"start":{"line":126,"column":8},"end":{"line":126,"column":44}},"24":{"start":{"line":127,"column":8},"end":{"line":127,"column":22}},"25":{"start":{"line":131,"column":8},"end":{"line":131,"column":36}},"26":{"start":{"line":135,"column":8},"end":{"line":135,"column":52}},"27":{"start":{"line":136,"column":8},"end":{"line":136,"column":49}},"28":{"start":{"line":137,"column":8},"end":{"line":137,"column":56}},"29":{"start":{"line":138,"column":8},"end":{"line":138,"column":25}},"30":{"start":{"line":139,"column":8},"end":{"line":139,"column":25}},"31":{"start":{"line":141,"column":8},"end":{"line":141,"column":5190}},"32":{"start":{"line":142,"column":12},"end":{"line":142,"column":50}},"33":{"start":{"line":143,"column":12},"end":{"line":143,"column":44}},"34":{"start":{"line":146,"column":8},"end":{"line":146,"column":28}},"35":{"start":{"line":148,"column":8},"end":{"line":148,"column":30}},"36":{"start":{"line":150,"column":8},"end":{"line":150,"column":5414}},"37":{"start":{"line":151,"column":12},"end":{"line":151,"column":57}},"38":{"start":{"line":152,"column":12},"end":{"line":152,"column":61}},"39":{"start":{"line":153,"column":12},"end":{"line":153,"column":61}},"40":{"start":{"line":156,"column":8},"end":{"line":156,"column":5691}},"41":{"start":{"line":157,"column":12},"end":{"line":157,"column":49}},"42":{"start":{"line":159,"column":12},"end":{"line":159,"column":90}},"43":{"start":{"line":162,"column":8},"end":{"line":162,"column":71}},"44":{"start":{"line":163,"column":8},"end":{"line":163,"column":63}},"45":{"start":{"line":164,"column":8},"end":{"line":164,"column":35}},"46":{"start":{"line":168,"column":8},"end":{"line":168,"column":52}},"47":{"start":{"line":169,"column":8},"end":{"line":169,"column":49}},"48":{"start":{"line":171,"column":8},"end":{"line":171,"column":6312}},"49":{"start":{"line":172,"column":12},"end":{"line":172,"column":57}},"50":{"start":{"line":173,"column":12},"end":{"line":173,"column":79}},"51":{"start":{"line":174,"column":12},"end":{"line":174,"column":52}},"52":{"start":{"line":177,"column":8},"end":{"line":177,"column":33}},"53":{"start":{"line":181,"column":8},"end":{"line":181,"column":55}},"54":{"start":{"line":182,"column":8},"end":{"line":182,"column":102}},"55":{"start":{"line":184,"column":8},"end":{"line":184,"column":66}},"56":{"start":{"line":186,"column":8},"end":{"line":186,"column":6951}},"57":{"start":{"line":187,"column":12},"end":{"line":187,"column":7029}},"58":{"start":{"line":188,"column":16},"end":{"line":188,"column":47}},"59":{"start":{"line":189,"column":16},"end":{"line":189,"column":132}},"60":{"start":{"line":195,"column":8},"end":{"line":195,"column":55}},"61":{"start":{"line":196,"column":8},"end":{"line":196,"column":102}},"62":{"start":{"line":198,"column":8},"end":{"line":198,"column":66}},"63":{"start":{"line":200,"column":8},"end":{"line":200,"column":7611}},"64":{"start":{"line":201,"column":12},"end":{"line":201,"column":7689}},"65":{"start":{"line":202,"column":16},"end":{"line":202,"column":47}},"66":{"start":{"line":203,"column":16},"end":{"line":203,"column":132}},"67":{"start":{"line":209,"column":8},"end":{"line":209,"column":55}},"68":{"start":{"line":210,"column":8},"end":{"line":210,"column":25}},"69":{"start":{"line":211,"column":8},"end":{"line":211,"column":52}},"70":{"start":{"line":213,"column":8},"end":{"line":213,"column":74}},"71":{"start":{"line":214,"column":8},"end":{"line":214,"column":40}},"72":{"start":{"line":215,"column":8},"end":{"line":215,"column":77}},"73":{"start":{"line":216,"column":8},"end":{"line":216,"column":32}},"74":{"start":{"line":217,"column":8},"end":{"line":217,"column":23}},"75":{"start":{"line":218,"column":8},"end":{"line":218,"column":26}},"76":{"start":{"line":220,"column":8},"end":{"line":220,"column":27}},"77":{"start":{"line":223,"column":8},"end":{"line":223,"column":8598}},"78":{"start":{"line":224,"column":12},"end":{"line":224,"column":69}},"79":{"start":{"line":225,"column":12},"end":{"line":225,"column":75}},"80":{"start":{"line":230,"column":8},"end":{"line":230,"column":8886}},"81":{"start":{"line":231,"column":12},"end":{"line":231,"column":55}},"82":{"start":{"line":232,"column":12},"end":{"line":232,"column":64}},"83":{"start":{"line":234,"column":12},"end":{"line":234,"column":18}},"84":{"start":{"line":238,"column":8},"end":{"line":238,"column":9238}},"85":{"start":{"line":239,"column":12},"end":{"line":239,"column":78}},"86":{"start":{"line":241,"column":8},"end":{"line":241,"column":36}},"87":{"start":{"line":243,"column":8},"end":{"line":243,"column":9443}},"88":{"start":{"line":244,"column":12},"end":{"line":244,"column":61}},"89":{"start":{"line":246,"column":12},"end":{"line":246,"column":86}},"90":{"start":{"line":253,"column":8},"end":{"line":253,"column":55}},"91":{"start":{"line":254,"column":8},"end":{"line":254,"column":53}},"92":{"start":{"line":256,"column":8},"end":{"line":256,"column":25}},"93":{"start":{"line":258,"column":8},"end":{"line":258,"column":52}},"94":{"start":{"line":260,"column":8},"end":{"line":260,"column":54}},"95":{"start":{"line":261,"column":8},"end":{"line":261,"column":61}},"96":{"start":{"line":262,"column":8},"end":{"line":262,"column":67}},"97":{"start":{"line":264,"column":8},"end":{"line":264,"column":27}},"98":{"start":{"line":267,"column":8},"end":{"line":267,"column":10243}},"99":{"start":{"line":268,"column":12},"end":{"line":268,"column":55}},"100":{"start":{"line":269,"column":14},"end":{"line":269,"column":20}},"101":{"start":{"line":272,"column":8},"end":{"line":272,"column":57}},"102":{"start":{"line":274,"column":8},"end":{"line":274,"column":10561}},"103":{"start":{"line":275,"column":12},"end":{"line":275,"column":61}},"104":{"start":{"line":277,"column":12},"end":{"line":277,"column":86}},"105":{"start":{"line":279,"column":8},"end":{"line":279,"column":36}},"106":{"start":{"line":284,"column":8},"end":{"line":284,"column":37}},"107":{"start":{"line":288,"column":8},"end":{"line":288,"column":71}},"108":{"start":{"line":289,"column":8},"end":{"line":289,"column":23}},"109":{"start":{"line":292,"column":8},"end":{"line":292,"column":11220}},"110":{"start":{"line":293,"column":12},"end":{"line":293,"column":65}},"111":{"start":{"line":296,"column":8},"end":{"line":296,"column":22}},"112":{"start":{"line":300,"column":8},"end":{"line":300,"column":52}},"113":{"start":{"line":301,"column":8},"end":{"line":301,"column":11556}},"114":{"start":{"line":302,"column":12},"end":{"line":302,"column":20}},"115":{"start":{"line":305,"column":8},"end":{"line":305,"column":54}},"116":{"start":{"line":306,"column":8},"end":{"line":306,"column":56}},"117":{"start":{"line":307,"column":8},"end":{"line":307,"column":62}},"118":{"start":{"line":310,"column":8},"end":{"line":310,"column":11929}},"119":{"start":{"line":311,"column":12},"end":{"line":311,"column":49}},"120":{"start":{"line":313,"column":12},"end":{"line":313,"column":20}},"121":{"start":{"line":318,"column":8},"end":{"line":318,"column":71}},"122":{"start":{"line":319,"column":8},"end":{"line":319,"column":23}},"123":{"start":{"line":322,"column":8},"end":{"line":322,"column":12331}},"124":{"start":{"line":323,"column":12},"end":{"line":323,"column":12412}},"125":{"start":{"line":324,"column":16},"end":{"line":324,"column":12505}},"126":{"start":{"line":329,"column":8},"end":{"line":329,"column":22}},"127":{"start":{"line":366,"column":8},"end":{"line":366,"column":14014}},"128":{"start":{"line":373,"column":8},"end":{"line":373,"column":14203}},"129":{"start":{"line":374,"column":12},"end":{"line":374,"column":57}},"130":{"start":{"line":375,"column":12},"end":{"line":375,"column":69}},"131":{"start":{"line":380,"column":8},"end":{"line":380,"column":69}},"132":{"start":{"line":381,"column":8},"end":{"line":381,"column":19}},"133":{"start":{"line":385,"column":8},"end":{"line":385,"column":54}},"134":{"start":{"line":386,"column":8},"end":{"line":386,"column":19}},"135":{"start":{"line":390,"column":8},"end":{"line":390,"column":54}},"136":{"start":{"line":391,"column":8},"end":{"line":391,"column":75}},"137":{"start":{"line":392,"column":8},"end":{"line":392,"column":54}},"138":{"start":{"line":396,"column":8},"end":{"line":396,"column":34}},"139":{"start":{"line":400,"column":8},"end":{"line":400,"column":19}},"140":{"start":{"line":404,"column":8},"end":{"line":404,"column":32}},"141":{"start":{"line":408,"column":8},"end":{"line":408,"column":70}},"142":{"start":{"line":409,"column":8},"end":{"line":409,"column":73}},"143":{"start":{"line":410,"column":8},"end":{"line":410,"column":25}}},"branchMap":{"1":{"line":73,"type":"if","locations":[{"start":{"line":73,"column":8},"end":{"line":73,"column":8}},{"start":{"line":73,"column":8},"end":{"line":73,"column":8}}]},"2":{"line":87,"type":"if","locations":[{"start":{"line":87,"column":8},"end":{"line":87,"column":8}},{"start":{"line":87,"column":8},"end":{"line":87,"column":8}}]},"3":{"line":125,"type":"if","locations":[{"start":{"line":125,"column":8},"end":{"line":125,"column":8}},{"start":{"line":125,"column":8},"end":{"line":125,"column":8}}]},"4":{"line":137,"type":"if","locations":[{"start":{"line":137,"column":8},"end":{"line":137,"column":8}},{"start":{"line":137,"column":8},"end":{"line":137,"column":8}}]},"5":{"line":141,"type":"if","locations":[{"start":{"line":141,"column":8},"end":{"line":141,"column":8}},{"start":{"line":141,"column":8},"end":{"line":141,"column":8}}]},"6":{"line":156,"type":"if","locations":[{"start":{"line":156,"column":8},"end":{"line":156,"column":8}},{"start":{"line":156,"column":8},"end":{"line":156,"column":8}}]},"7":{"line":181,"type":"if","locations":[{"start":{"line":181,"column":8},"end":{"line":181,"column":8}},{"start":{"line":181,"column":8},"end":{"line":181,"column":8}}]},"8":{"line":182,"type":"if","locations":[{"start":{"line":182,"column":8},"end":{"line":182,"column":8}},{"start":{"line":182,"column":8},"end":{"line":182,"column":8}}]},"9":{"line":187,"type":"if","locations":[{"start":{"line":187,"column":12},"end":{"line":187,"column":12}},{"start":{"line":187,"column":12},"end":{"line":187,"column":12}}]},"10":{"line":195,"type":"if","locations":[{"start":{"line":195,"column":8},"end":{"line":195,"column":8}},{"start":{"line":195,"column":8},"end":{"line":195,"column":8}}]},"11":{"line":196,"type":"if","locations":[{"start":{"line":196,"column":8},"end":{"line":196,"column":8}},{"start":{"line":196,"column":8},"end":{"line":196,"column":8}}]},"12":{"line":201,"type":"if","locations":[{"start":{"line":201,"column":12},"end":{"line":201,"column":12}},{"start":{"line":201,"column":12},"end":{"line":201,"column":12}}]},"13":{"line":209,"type":"if","locations":[{"start":{"line":209,"column":8},"end":{"line":209,"column":8}},{"start":{"line":209,"column":8},"end":{"line":209,"column":8}}]},"14":{"line":214,"type":"if","locations":[{"start":{"line":214,"column":8},"end":{"line":214,"column":8}},{"start":{"line":214,"column":8},"end":{"line":214,"column":8}}]},"15":{"line":230,"type":"if","locations":[{"start":{"line":230,"column":8},"end":{"line":230,"column":8}},{"start":{"line":230,"column":8},"end":{"line":230,"column":8}}]},"16":{"line":243,"type":"if","locations":[{"start":{"line":243,"column":8},"end":{"line":243,"column":8}},{"start":{"line":243,"column":8},"end":{"line":243,"column":8}}]},"17":{"line":253,"type":"if","locations":[{"start":{"line":253,"column":8},"end":{"line":253,"column":8}},{"start":{"line":253,"column":8},"end":{"line":253,"column":8}}]},"18":{"line":254,"type":"if","locations":[{"start":{"line":254,"column":8},"end":{"line":254,"column":8}},{"start":{"line":254,"column":8},"end":{"line":254,"column":8}}]},"19":{"line":267,"type":"if","locations":[{"start":{"line":267,"column":8},"end":{"line":267,"column":8}},{"start":{"line":267,"column":8},"end":{"line":267,"column":8}}]},"20":{"line":274,"type":"if","locations":[{"start":{"line":274,"column":8},"end":{"line":274,"column":8}},{"start":{"line":274,"column":8},"end":{"line":274,"column":8}}]},"21":{"line":301,"type":"if","locations":[{"start":{"line":301,"column":8},"end":{"line":301,"column":8}},{"start":{"line":301,"column":8},"end":{"line":301,"column":8}}]},"22":{"line":310,"type":"if","locations":[{"start":{"line":310,"column":8},"end":{"line":310,"column":8}},{"start":{"line":310,"column":8},"end":{"line":310,"column":8}}]},"23":{"line":324,"type":"if","locations":[{"start":{"line":324,"column":16},"end":{"line":324,"column":16}},{"start":{"line":324,"column":16},"end":{"line":324,"column":16}}]},"24":{"line":392,"type":"if","locations":[{"start":{"line":392,"column":8},"end":{"line":392,"column":8}},{"start":{"line":392,"column":8},"end":{"line":392,"column":8}}]},"25":{"line":408,"type":"if","locations":[{"start":{"line":408,"column":8},"end":{"line":408,"column":8}},{"start":{"line":408,"column":8},"end":{"line":408,"column":8}}]}}},"contracts/Floot/FuckLOOT.sol":{"l":{"33":9,"34":9,"35":9,"40":2,"44":2,"48":2,"52":2,"56":3,"60":7,"61":7,"62":7,"63":7,"65":7,"66":7,"67":10,"70":7,"71":7,"72":7,"73":7,"77":1,"78":1,"83":2,"88":3,"92":45,"94":45,"95":45,"96":52,"99":45,"110":0,"111":0,"115":0,"119":0,"120":0,"121":0,"122":0,"129":12,"134":0,"135":0,"139":0,"140":0,"149":2,"158":0,"163":0,"164":0,"165":0,"171":0,"172":0,"173":0,"174":0},"path":"/Users/florentbartoli/Documents/rug_marketing/Contracts/contracts/Floot/FuckLOOT.sol","s":{"1":9,"2":9,"3":9,"4":2,"5":2,"6":2,"7":2,"8":3,"9":7,"10":7,"11":7,"12":7,"13":7,"14":7,"15":10,"16":7,"17":7,"18":7,"19":7,"20":1,"21":1,"22":2,"23":3,"24":45,"25":45,"26":45,"27":52,"28":45,"29":0,"30":0,"31":0,"32":0,"33":0,"34":0,"35":0,"36":12,"37":0,"38":0,"39":0,"40":2,"41":0,"42":0,"43":0,"44":0,"45":0,"46":0,"47":0},"b":{"1":[7,0],"2":[7,0],"3":[7,0],"4":[7,0],"5":[7,0],"6":[7,0],"7":[1,0],"8":[0,0],"9":[0,0],"10":[0,0],"11":[0,0],"12":[0,0],"13":[0,0],"14":[0,0],"15":[0,0]},"f":{"1":9,"2":2,"3":2,"4":2,"5":2,"6":3,"7":7,"8":1,"9":2,"10":3,"11":45,"12":0,"13":0,"14":12,"15":0,"16":0,"17":2,"18":0,"19":0,"20":0},"fnMap":{"1":{"name":"constructor","line":32,"loc":{"start":{"line":32,"column":4},"end":{"line":37,"column":4}}},"2":{"name":"_baseURI","line":39,"loc":{"start":{"line":39,"column":4},"end":{"line":41,"column":4}}},"3":{"name":"setBaseURI","line":43,"loc":{"start":{"line":43,"column":4},"end":{"line":45,"column":4}}},"4":{"name":"changePrice","line":47,"loc":{"start":{"line":47,"column":4},"end":{"line":49,"column":4}}},"5":{"name":"setTokenURI","line":51,"loc":{"start":{"line":51,"column":4},"end":{"line":53,"column":4}}},"6":{"name":"setStart","line":55,"loc":{"start":{"line":55,"column":4},"end":{"line":57,"column":4}}},"7":{"name":"getFucked","line":59,"loc":{"start":{"line":59,"column":4},"end":{"line":74,"column":4}}},"8":{"name":"distroDust","line":76,"loc":{"start":{"line":76,"column":4},"end":{"line":79,"column":4}}},"9":{"name":"changeMainWallet","line":81,"loc":{"start":{"line":81,"column":4},"end":{"line":84,"column":4}}},"10":{"name":"changeFaucetWallet","line":86,"loc":{"start":{"line":86,"column":4},"end":{"line":89,"column":4}}},"11":{"name":"walletInventory","line":91,"loc":{"start":{"line":91,"column":4},"end":{"line":100,"column":4}}},"12":{"name":"isApprovedForAll","line":105,"loc":{"start":{"line":105,"column":4},"end":{"line":116,"column":4}}},"13":{"name":"safeMint","line":118,"loc":{"start":{"line":118,"column":4},"end":{"line":123,"column":4}}},"14":{"name":"_beforeTokenTransfer","line":125,"loc":{"start":{"line":125,"column":4},"end":{"line":130,"column":4}}},"15":{"name":"burn","line":132,"loc":{"start":{"line":132,"column":4},"end":{"line":136,"column":4}}},"16":{"name":"_burn","line":138,"loc":{"start":{"line":138,"column":4},"end":{"line":141,"column":4}}},"17":{"name":"tokenURI","line":143,"loc":{"start":{"line":143,"column":4},"end":{"line":150,"column":4}}},"18":{"name":"supportsInterface","line":152,"loc":{"start":{"line":152,"column":4},"end":{"line":159,"column":4}}},"19":{"name":"distributeFunds","line":161,"loc":{"start":{"line":161,"column":4},"end":{"line":167,"column":4}}},"20":{"name":"reserveNFTs","line":169,"loc":{"start":{"line":169,"column":4},"end":{"line":177,"column":4}}}},"statementMap":{"1":{"start":{"line":33,"column":8},"end":{"line":33,"column":25}},"2":{"start":{"line":34,"column":8},"end":{"line":34,"column":39}},"3":{"start":{"line":35,"column":8},"end":{"line":35,"column":41}},"4":{"start":{"line":40,"column":8},"end":{"line":40,"column":22}},"5":{"start":{"line":44,"column":8},"end":{"line":44,"column":24}},"6":{"start":{"line":48,"column":8},"end":{"line":48,"column":24}},"7":{"start":{"line":52,"column":8},"end":{"line":52,"column":40}},"8":{"start":{"line":56,"column":8},"end":{"line":56,"column":23}},"9":{"start":{"line":60,"column":8},"end":{"line":60,"column":47}},"10":{"start":{"line":61,"column":8},"end":{"line":61,"column":91}},"11":{"start":{"line":62,"column":8},"end":{"line":62,"column":96}},"12":{"start":{"line":63,"column":8},"end":{"line":63,"column":70}},"13":{"start":{"line":65,"column":8},"end":{"line":65,"column":64}},"14":{"start":{"line":66,"column":8},"end":{"line":66,"column":2330}},"15":{"start":{"line":67,"column":12},"end":{"line":67,"column":49}},"16":{"start":{"line":70,"column":8},"end":{"line":70,"column":56}},"17":{"start":{"line":71,"column":8},"end":{"line":71,"column":74}},"18":{"start":{"line":72,"column":8},"end":{"line":72,"column":96}},"19":{"start":{"line":73,"column":8},"end":{"line":73,"column":20}},"20":{"start":{"line":77,"column":8},"end":{"line":77,"column":56}},"21":{"start":{"line":78,"column":8},"end":{"line":78,"column":58}},"22":{"start":{"line":83,"column":8},"end":{"line":83,"column":30}},"23":{"start":{"line":88,"column":8},"end":{"line":88,"column":32}},"24":{"start":{"line":92,"column":8},"end":{"line":92,"column":46}},"25":{"start":{"line":94,"column":8},"end":{"line":94,"column":61}},"26":{"start":{"line":95,"column":8},"end":{"line":95,"column":3361}},"27":{"start":{"line":96,"column":12},"end":{"line":96,"column":55}},"28":{"start":{"line":99,"column":8},"end":{"line":99,"column":23}},"29":{"start":{"line":110,"column":8},"end":{"line":110,"column":3818}},"30":{"start":{"line":111,"column":12},"end":{"line":111,"column":23}},"31":{"start":{"line":115,"column":8},"end":{"line":115,"column":57}},"32":{"start":{"line":119,"column":8},"end":{"line":119,"column":56}},"33":{"start":{"line":120,"column":8},"end":{"line":120,"column":37}},"34":{"start":{"line":121,"column":8},"end":{"line":121,"column":28}},"35":{"start":{"line":122,"column":8},"end":{"line":122,"column":29}},"36":{"start":{"line":129,"column":8},"end":{"line":129,"column":52}},"37":{"start":{"line":134,"column":8},"end":{"line":134,"column":109}},"38":{"start":{"line":135,"column":8},"end":{"line":135,"column":21}},"39":{"start":{"line":139,"column":8},"end":{"line":139,"column":27}},"40":{"start":{"line":149,"column":8},"end":{"line":149,"column":38}},"41":{"start":{"line":158,"column":8},"end":{"line":158,"column":51}},"42":{"start":{"line":163,"column":8},"end":{"line":163,"column":56}},"43":{"start":{"line":164,"column":8},"end":{"line":164,"column":74}},"44":{"start":{"line":165,"column":8},"end":{"line":165,"column":76}},"45":{"start":{"line":171,"column":8},"end":{"line":171,"column":83}},"46":{"start":{"line":172,"column":8},"end":{"line":172,"column":5939}},"47":{"start":{"line":174,"column":12},"end":{"line":174,"column":39}}},"branchMap":{"1":{"line":60,"type":"if","locations":[{"start":{"line":60,"column":8},"end":{"line":60,"column":8}},{"start":{"line":60,"column":8},"end":{"line":60,"column":8}}]},"2":{"line":61,"type":"if","locations":[{"start":{"line":61,"column":8},"end":{"line":61,"column":8}},{"start":{"line":61,"column":8},"end":{"line":61,"column":8}}]},"3":{"line":62,"type":"if","locations":[{"start":{"line":62,"column":8},"end":{"line":62,"column":8}},{"start":{"line":62,"column":8},"end":{"line":62,"column":8}}]},"4":{"line":63,"type":"if","locations":[{"start":{"line":63,"column":8},"end":{"line":63,"column":8}},{"start":{"line":63,"column":8},"end":{"line":63,"column":8}}]},"5":{"line":71,"type":"if","locations":[{"start":{"line":71,"column":8},"end":{"line":71,"column":8}},{"start":{"line":71,"column":8},"end":{"line":71,"column":8}}]},"6":{"line":73,"type":"if","locations":[{"start":{"line":73,"column":8},"end":{"line":73,"column":8}},{"start":{"line":73,"column":8},"end":{"line":73,"column":8}}]},"7":{"line":78,"type":"if","locations":[{"start":{"line":78,"column":8},"end":{"line":78,"column":8}},{"start":{"line":78,"column":8},"end":{"line":78,"column":8}}]},"8":{"line":110,"type":"if","locations":[{"start":{"line":110,"column":8},"end":{"line":110,"column":8}},{"start":{"line":110,"column":8},"end":{"line":110,"column":8}}]},"9":{"line":119,"type":"if","locations":[{"start":{"line":119,"column":8},"end":{"line":119,"column":8}},{"start":{"line":119,"column":8},"end":{"line":119,"column":8}}]},"10":{"line":120,"type":"if","locations":[{"start":{"line":120,"column":8},"end":{"line":120,"column":8}},{"start":{"line":120,"column":8},"end":{"line":120,"column":8}}]},"11":{"line":121,"type":"if","locations":[{"start":{"line":121,"column":8},"end":{"line":121,"column":8}},{"start":{"line":121,"column":8},"end":{"line":121,"column":8}}]},"12":{"line":134,"type":"if","locations":[{"start":{"line":134,"column":8},"end":{"line":134,"column":8}},{"start":{"line":134,"column":8},"end":{"line":134,"column":8}}]},"13":{"line":164,"type":"if","locations":[{"start":{"line":164,"column":8},"end":{"line":164,"column":8}},{"start":{"line":164,"column":8},"end":{"line":164,"column":8}}]},"14":{"line":165,"type":"if","locations":[{"start":{"line":165,"column":8},"end":{"line":165,"column":8}},{"start":{"line":165,"column":8},"end":{"line":165,"column":8}}]},"15":{"line":171,"type":"if","locations":[{"start":{"line":171,"column":8},"end":{"line":171,"column":8}},{"start":{"line":171,"column":8},"end":{"line":171,"column":8}}]}}},"contracts/RugPunksOrderPass/RugPunksOrderPass.sol":{"l":{"27":0,"28":0,"33":0,"37":0,"41":0,"45":0,"49":0,"53":0,"54":0,"55":0,"56":0,"59":0,"60":0,"61":0,"68":0,"70":0,"71":0,"76":0,"77":0,"78":0,"82":0,"86":0,"88":0,"89":0,"90":0,"93":0,"104":0,"105":0,"109":0,"113":0,"120":0,"125":0,"126":0,"130":0,"131":0,"140":0,"149":0},"path":"/Users/florentbartoli/Documents/rug_marketing/Contracts/contracts/RugPunksOrderPass/RugPunksOrderPass.sol","s":{"1":0,"2":0,"3":0,"4":0,"5":0,"6":0,"7":0,"8":0,"9":0,"10":0,"11":0,"12":0,"13":0,"14":0,"15":0,"16":0,"17":0,"18":0,"19":0,"20":0,"21":0,"22":0,"23":0,"24":0,"25":0,"26":0,"27":0,"28":0,"29":0,"30":0,"31":0,"32":0,"33":0,"34":0,"35":0,"36":0},"b":{"1":[0,0],"2":[0,0],"3":[0,0],"4":[0,0],"5":[0,0],"6":[0,0],"7":[0,0],"8":[0,0],"9":[0,0]},"f":{"1":0,"2":0,"3":0,"4":0,"5":0,"6":0,"7":0,"8":0,"9":0,"10":0,"11":0,"12":0,"13":0,"14":0,"15":0,"16":0,"17":0,"18":0},"fnMap":{"1":{"name":"constructor","line":26,"loc":{"start":{"line":26,"column":4},"end":{"line":30,"column":4}}},"2":{"name":"_baseURI","line":32,"loc":{"start":{"line":32,"column":4},"end":{"line":34,"column":4}}},"3":{"name":"setBaseURI","line":36,"loc":{"start":{"line":36,"column":4},"end":{"line":38,"column":4}}},"4":{"name":"changePrice","line":40,"loc":{"start":{"line":40,"column":4},"end":{"line":42,"column":4}}},"5":{"name":"setTokenURI","line":44,"loc":{"start":{"line":44,"column":4},"end":{"line":46,"column":4}}},"6":{"name":"setStart","line":48,"loc":{"start":{"line":48,"column":4},"end":{"line":50,"column":4}}},"7":{"name":"mintOrderPass","line":52,"loc":{"start":{"line":52,"column":4},"end":{"line":65,"column":4}}},"8":{"name":"walletDistro","line":67,"loc":{"start":{"line":67,"column":4},"end":{"line":73,"column":4}}},"9":{"name":"distroDust","line":75,"loc":{"start":{"line":75,"column":4},"end":{"line":79,"column":4}}},"10":{"name":"changeWallet","line":81,"loc":{"start":{"line":81,"column":4},"end":{"line":83,"column":4}}},"11":{"name":"walletInventory","line":85,"loc":{"start":{"line":85,"column":4},"end":{"line":94,"column":4}}},"12":{"name":"isApprovedForAll","line":99,"loc":{"start":{"line":99,"column":4},"end":{"line":110,"column":4}}},"13":{"name":"safeMint","line":112,"loc":{"start":{"line":112,"column":4},"end":{"line":114,"column":4}}},"14":{"name":"_beforeTokenTransfer","line":116,"loc":{"start":{"line":116,"column":4},"end":{"line":121,"column":4}}},"15":{"name":"burn","line":123,"loc":{"start":{"line":123,"column":4},"end":{"line":127,"column":4}}},"16":{"name":"_burn","line":129,"loc":{"start":{"line":129,"column":4},"end":{"line":132,"column":4}}},"17":{"name":"tokenURI","line":134,"loc":{"start":{"line":134,"column":4},"end":{"line":141,"column":4}}},"18":{"name":"supportsInterface","line":143,"loc":{"start":{"line":143,"column":4},"end":{"line":150,"column":4}}}},"statementMap":{"1":{"start":{"line":27,"column":8},"end":{"line":27,"column":25}},"2":{"start":{"line":28,"column":8},"end":{"line":28,"column":35}},"3":{"start":{"line":33,"column":8},"end":{"line":33,"column":22}},"4":{"start":{"line":37,"column":8},"end":{"line":37,"column":24}},"5":{"start":{"line":41,"column":8},"end":{"line":41,"column":24}},"6":{"start":{"line":45,"column":8},"end":{"line":45,"column":40}},"7":{"start":{"line":49,"column":8},"end":{"line":49,"column":23}},"8":{"start":{"line":53,"column":8},"end":{"line":53,"column":47}},"9":{"start":{"line":54,"column":8},"end":{"line":54,"column":91}},"10":{"start":{"line":55,"column":8},"end":{"line":55,"column":98}},"11":{"start":{"line":56,"column":8},"end":{"line":56,"column":70}},"12":{"start":{"line":59,"column":8},"end":{"line":59,"column":68}},"13":{"start":{"line":60,"column":8},"end":{"line":60,"column":2158}},"14":{"start":{"line":61,"column":12},"end":{"line":61,"column":70}},"15":{"start":{"line":68,"column":8},"end":{"line":68,"column":56}},"16":{"start":{"line":70,"column":8},"end":{"line":70,"column":106}},"17":{"start":{"line":71,"column":8},"end":{"line":71,"column":106}},"18":{"start":{"line":76,"column":8},"end":{"line":76,"column":21}},"19":{"start":{"line":77,"column":8},"end":{"line":77,"column":56}},"20":{"start":{"line":78,"column":8},"end":{"line":78,"column":54}},"21":{"start":{"line":82,"column":8},"end":{"line":82,"column":26}},"22":{"start":{"line":86,"column":8},"end":{"line":86,"column":46}},"23":{"start":{"line":88,"column":8},"end":{"line":88,"column":61}},"24":{"start":{"line":89,"column":8},"end":{"line":89,"column":3211}},"25":{"start":{"line":90,"column":12},"end":{"line":90,"column":55}},"26":{"start":{"line":93,"column":8},"end":{"line":93,"column":23}},"27":{"start":{"line":104,"column":8},"end":{"line":104,"column":3653}},"28":{"start":{"line":105,"column":12},"end":{"line":105,"column":23}},"29":{"start":{"line":109,"column":8},"end":{"line":109,"column":57}},"30":{"start":{"line":113,"column":8},"end":{"line":113,"column":29}},"31":{"start":{"line":120,"column":8},"end":{"line":120,"column":52}},"32":{"start":{"line":125,"column":8},"end":{"line":125,"column":109}},"33":{"start":{"line":126,"column":8},"end":{"line":126,"column":21}},"34":{"start":{"line":130,"column":8},"end":{"line":130,"column":27}},"35":{"start":{"line":140,"column":8},"end":{"line":140,"column":38}},"36":{"start":{"line":149,"column":8},"end":{"line":149,"column":51}}},"branchMap":{"1":{"line":53,"type":"if","locations":[{"start":{"line":53,"column":8},"end":{"line":53,"column":8}},{"start":{"line":53,"column":8},"end":{"line":53,"column":8}}]},"2":{"line":54,"type":"if","locations":[{"start":{"line":54,"column":8},"end":{"line":54,"column":8}},{"start":{"line":54,"column":8},"end":{"line":54,"column":8}}]},"3":{"line":55,"type":"if","locations":[{"start":{"line":55,"column":8},"end":{"line":55,"column":8}},{"start":{"line":55,"column":8},"end":{"line":55,"column":8}}]},"4":{"line":56,"type":"if","locations":[{"start":{"line":56,"column":8},"end":{"line":56,"column":8}},{"start":{"line":56,"column":8},"end":{"line":56,"column":8}}]},"5":{"line":70,"type":"if","locations":[{"start":{"line":70,"column":8},"end":{"line":70,"column":8}},{"start":{"line":70,"column":8},"end":{"line":70,"column":8}}]},"6":{"line":71,"type":"if","locations":[{"start":{"line":71,"column":8},"end":{"line":71,"column":8}},{"start":{"line":71,"column":8},"end":{"line":71,"column":8}}]},"7":{"line":78,"type":"if","locations":[{"start":{"line":78,"column":8},"end":{"line":78,"column":8}},{"start":{"line":78,"column":8},"end":{"line":78,"column":8}}]},"8":{"line":104,"type":"if","locations":[{"start":{"line":104,"column":8},"end":{"line":104,"column":8}},{"start":{"line":104,"column":8},"end":{"line":104,"column":8}}]},"9":{"line":125,"type":"if","locations":[{"start":{"line":125,"column":8},"end":{"line":125,"column":8}},{"start":{"line":125,"column":8},"end":{"line":125,"column":8}}]}}},"contracts/SpacePoggers/SpacePoggers.sol":{"l":{},"path":"/Users/florentbartoli/Documents/rug_marketing/Contracts/contracts/SpacePoggers/SpacePoggers.sol","s":{},"b":{},"f":{},"fnMap":{},"statementMap":{},"branchMap":{}},"contracts/templates/ERC721GatedTiers.sol":{"l":{"37":0,"38":0,"39":0,"40":0,"41":0,"45":0,"49":0,"53":0,"57":0,"58":0,"60":0,"63":0,"64":0,"65":0,"67":0,"69":0,"71":0,"76":0,"77":0,"78":0,"82":0,"83":0,"85":0,"89":0,"90":0,"91":0,"92":0,"93":0,"95":0,"96":0,"97":0,"98":0,"104":0,"105":0,"106":0,"107":0,"108":0,"109":0,"110":0,"119":0,"120":0,"121":0,"133":0,"134":0,"138":0,"140":0,"141":0,"142":0,"145":0,"156":0,"157":0,"161":0,"165":0,"166":0,"167":0,"168":0,"175":0,"180":0,"181":0,"185":0,"186":0,"190":0,"196":0,"205":0,"209":0,"210":0,"211":0},"path":"/Users/florentbartoli/Documents/rug_marketing/Contracts/contracts/templates/ERC721GatedTiers.sol","s":{"1":0,"2":0,"3":0,"4":0,"5":0,"6":0,"7":0,"8":0,"9":0,"10":0,"11":0,"12":0,"13":0,"14":0,"15":0,"16":0,"17":0,"18":0,"19":0,"20":0,"21":0,"22":0,"23":0,"24":0,"25":0,"26":0,"27":0,"28":0,"29":0,"30":0,"31":0,"32":0,"33":0,"34":0,"35":0,"36":0,"37":0,"38":0,"39":0,"40":0,"41":0,"42":0,"43":0,"44":0,"45":0,"46":0,"47":0,"48":0,"49":0,"50":0,"51":0,"52":0,"53":0,"54":0,"55":0,"56":0,"57":0,"58":0,"59":0,"60":0,"61":0,"62":0,"63":0,"64":0},"b":{"1":[0,0],"2":[0,0],"3":[0,0],"4":[0,0],"5":[0,0],"6":[0,0],"7":[0,0],"8":[0,0],"9":[0,0],"10":[0,0],"11":[0,0],"12":[0,0],"13":[0,0],"14":[0,0],"15":[0,0],"16":[0,0],"17":[0,0],"18":[0,0]},"f":{"1":0,"2":0,"3":0,"4":0,"5":0,"6":0,"7":0,"8":0,"9":0,"10":0,"11":0,"12":0,"13":0,"14":0,"15":0,"16":0,"17":0,"18":0,"19":0,"20":0,"21":0},"fnMap":{"1":{"name":"constructor","line":36,"loc":{"start":{"line":36,"column":4},"end":{"line":42,"column":4}}},"2":{"name":"setBaseURI","line":44,"loc":{"start":{"line":44,"column":4},"end":{"line":46,"column":4}}},"3":{"name":"setTokenURI","line":48,"loc":{"start":{"line":48,"column":4},"end":{"line":50,"column":4}}},"4":{"name":"setTokenAddress","line":52,"loc":{"start":{"line":52,"column":4},"end":{"line":54,"column":4}}},"5":{"name":"getMintTime","line":56,"loc":{"start":{"line":56,"column":4},"end":{"line":73,"column":4}}},"6":{"name":"transferURIRole","line":75,"loc":{"start":{"line":75,"column":4},"end":{"line":79,"column":4}}},"7":{"name":"setStart","line":81,"loc":{"start":{"line":81,"column":4},"end":{"line":86,"column":4}}},"8":{"name":"claimDoji","line":88,"loc":{"start":{"line":88,"column":4},"end":{"line":101,"column":4}}},"9":{"name":"walletDistro","line":103,"loc":{"start":{"line":103,"column":4},"end":{"line":111,"column":4}}},"10":{"name":"changeWallets","line":118,"loc":{"start":{"line":114,"column":4},"end":{"line":122,"column":4}}},"11":{"name":"rescueEther","line":132,"loc":{"start":{"line":132,"column":4},"end":{"line":135,"column":4}}},"12":{"name":"walletInventory","line":137,"loc":{"start":{"line":137,"column":4},"end":{"line":146,"column":4}}},"13":{"name":"isApprovedForAll","line":151,"loc":{"start":{"line":151,"column":4},"end":{"line":162,"column":4}}},"14":{"name":"safeMint","line":164,"loc":{"start":{"line":164,"column":4},"end":{"line":169,"column":4}}},"15":{"name":"_beforeTokenTransfer","line":171,"loc":{"start":{"line":171,"column":4},"end":{"line":176,"column":4}}},"16":{"name":"burn","line":178,"loc":{"start":{"line":178,"column":4},"end":{"line":182,"column":4}}},"17":{"name":"_burn","line":184,"loc":{"start":{"line":184,"column":4},"end":{"line":187,"column":4}}},"18":{"name":"tokenURI","line":189,"loc":{"start":{"line":189,"column":4},"end":{"line":191,"column":4}}},"19":{"name":"_baseURI","line":195,"loc":{"start":{"line":195,"column":4},"end":{"line":197,"column":4}}},"20":{"name":"supportsInterface","line":199,"loc":{"start":{"line":199,"column":4},"end":{"line":206,"column":4}}},"21":{"name":"transferOwnership","line":208,"loc":{"start":{"line":208,"column":4},"end":{"line":212,"column":4}}}},"statementMap":{"1":{"start":{"line":37,"column":8},"end":{"line":37,"column":45}},"2":{"start":{"line":38,"column":8},"end":{"line":38,"column":35}},"3":{"start":{"line":39,"column":8},"end":{"line":39,"column":33}},"4":{"start":{"line":40,"column":8},"end":{"line":40,"column":39}},"5":{"start":{"line":41,"column":8},"end":{"line":41,"column":49}},"6":{"start":{"line":45,"column":8},"end":{"line":45,"column":24}},"7":{"start":{"line":49,"column":8},"end":{"line":49,"column":40}},"8":{"start":{"line":53,"column":8},"end":{"line":53,"column":35}},"9":{"start":{"line":57,"column":8},"end":{"line":57,"column":63}},"10":{"start":{"line":58,"column":8},"end":{"line":58,"column":2623}},"11":{"start":{"line":60,"column":12},"end":{"line":60,"column":34}},"12":{"start":{"line":63,"column":8},"end":{"line":63,"column":21}},"13":{"start":{"line":64,"column":8},"end":{"line":64,"column":2911}},"14":{"start":{"line":65,"column":12},"end":{"line":65,"column":3041}},"15":{"start":{"line":71,"column":8},"end":{"line":71,"column":60}},"16":{"start":{"line":76,"column":8},"end":{"line":76,"column":42}},"17":{"start":{"line":77,"column":8},"end":{"line":77,"column":32}},"18":{"start":{"line":78,"column":8},"end":{"line":78,"column":37}},"19":{"start":{"line":82,"column":8},"end":{"line":82,"column":3624}},"20":{"start":{"line":83,"column":12},"end":{"line":83,"column":42}},"21":{"start":{"line":85,"column":8},"end":{"line":85,"column":23}},"22":{"start":{"line":89,"column":8},"end":{"line":89,"column":23}},"23":{"start":{"line":90,"column":8},"end":{"line":90,"column":58}},"24":{"start":{"line":91,"column":8},"end":{"line":91,"column":88}},"25":{"start":{"line":92,"column":8},"end":{"line":92,"column":48}},"26":{"start":{"line":93,"column":8},"end":{"line":93,"column":57}},"27":{"start":{"line":95,"column":8},"end":{"line":95,"column":61}},"28":{"start":{"line":96,"column":8},"end":{"line":96,"column":4214}},"29":{"start":{"line":97,"column":12},"end":{"line":97,"column":44}},"30":{"start":{"line":98,"column":12},"end":{"line":98,"column":44}},"31":{"start":{"line":104,"column":8},"end":{"line":104,"column":56}},"32":{"start":{"line":105,"column":8},"end":{"line":105,"column":82}},"33":{"start":{"line":106,"column":8},"end":{"line":106,"column":21}},"34":{"start":{"line":107,"column":8},"end":{"line":107,"column":85}},"35":{"start":{"line":108,"column":8},"end":{"line":108,"column":21}},"36":{"start":{"line":109,"column":8},"end":{"line":109,"column":87}},"37":{"start":{"line":110,"column":8},"end":{"line":110,"column":22}},"38":{"start":{"line":119,"column":8},"end":{"line":119,"column":35}},"39":{"start":{"line":120,"column":8},"end":{"line":120,"column":29}},"40":{"start":{"line":121,"column":8},"end":{"line":121,"column":37}},"41":{"start":{"line":133,"column":8},"end":{"line":133,"column":82}},"42":{"start":{"line":134,"column":8},"end":{"line":134,"column":20}},"43":{"start":{"line":138,"column":8},"end":{"line":138,"column":46}},"44":{"start":{"line":140,"column":8},"end":{"line":140,"column":61}},"45":{"start":{"line":141,"column":8},"end":{"line":141,"column":5790}},"46":{"start":{"line":142,"column":12},"end":{"line":142,"column":55}},"47":{"start":{"line":145,"column":8},"end":{"line":145,"column":23}},"48":{"start":{"line":156,"column":8},"end":{"line":156,"column":6232}},"49":{"start":{"line":157,"column":12},"end":{"line":157,"column":23}},"50":{"start":{"line":161,"column":8},"end":{"line":161,"column":57}},"51":{"start":{"line":165,"column":8},"end":{"line":165,"column":56}},"52":{"start":{"line":166,"column":8},"end":{"line":166,"column":37}},"53":{"start":{"line":167,"column":8},"end":{"line":167,"column":28}},"54":{"start":{"line":168,"column":8},"end":{"line":168,"column":29}},"55":{"start":{"line":175,"column":8},"end":{"line":175,"column":52}},"56":{"start":{"line":180,"column":8},"end":{"line":180,"column":57}},"57":{"start":{"line":181,"column":8},"end":{"line":181,"column":21}},"58":{"start":{"line":186,"column":8},"end":{"line":186,"column":27}},"59":{"start":{"line":190,"column":7},"end":{"line":190,"column":37}},"60":{"start":{"line":196,"column":8},"end":{"line":196,"column":22}},"61":{"start":{"line":205,"column":8},"end":{"line":205,"column":51}},"62":{"start":{"line":209,"column":8},"end":{"line":209,"column":46}},"63":{"start":{"line":210,"column":8},"end":{"line":210,"column":51}},"64":{"start":{"line":211,"column":8},"end":{"line":211,"column":42}}},"branchMap":{"1":{"line":58,"type":"if","locations":[{"start":{"line":58,"column":8},"end":{"line":58,"column":8}},{"start":{"line":58,"column":8},"end":{"line":58,"column":8}}]},"2":{"line":65,"type":"if","locations":[{"start":{"line":65,"column":12},"end":{"line":65,"column":12}},{"start":{"line":65,"column":12},"end":{"line":65,"column":12}}]},"3":{"line":82,"type":"if","locations":[{"start":{"line":82,"column":8},"end":{"line":82,"column":8}},{"start":{"line":82,"column":8},"end":{"line":82,"column":8}}]},"4":{"line":89,"type":"if","locations":[{"start":{"line":89,"column":8},"end":{"line":89,"column":8}},{"start":{"line":89,"column":8},"end":{"line":89,"column":8}}]},"5":{"line":90,"type":"if","locations":[{"start":{"line":90,"column":8},"end":{"line":90,"column":8}},{"start":{"line":90,"column":8},"end":{"line":90,"column":8}}]},"6":{"line":91,"type":"if","locations":[{"start":{"line":91,"column":8},"end":{"line":91,"column":8}},{"start":{"line":91,"column":8},"end":{"line":91,"column":8}}]},"7":{"line":92,"type":"if","locations":[{"start":{"line":92,"column":8},"end":{"line":92,"column":8}},{"start":{"line":92,"column":8},"end":{"line":92,"column":8}}]},"8":{"line":93,"type":"if","locations":[{"start":{"line":93,"column":8},"end":{"line":93,"column":8}},{"start":{"line":93,"column":8},"end":{"line":93,"column":8}}]},"9":{"line":97,"type":"if","locations":[{"start":{"line":97,"column":12},"end":{"line":97,"column":12}},{"start":{"line":97,"column":12},"end":{"line":97,"column":12}}]},"10":{"line":106,"type":"if","locations":[{"start":{"line":106,"column":8},"end":{"line":106,"column":8}},{"start":{"line":106,"column":8},"end":{"line":106,"column":8}}]},"11":{"line":108,"type":"if","locations":[{"start":{"line":108,"column":8},"end":{"line":108,"column":8}},{"start":{"line":108,"column":8},"end":{"line":108,"column":8}}]},"12":{"line":110,"type":"if","locations":[{"start":{"line":110,"column":8},"end":{"line":110,"column":8}},{"start":{"line":110,"column":8},"end":{"line":110,"column":8}}]},"13":{"line":134,"type":"if","locations":[{"start":{"line":134,"column":8},"end":{"line":134,"column":8}},{"start":{"line":134,"column":8},"end":{"line":134,"column":8}}]},"14":{"line":156,"type":"if","locations":[{"start":{"line":156,"column":8},"end":{"line":156,"column":8}},{"start":{"line":156,"column":8},"end":{"line":156,"column":8}}]},"15":{"line":165,"type":"if","locations":[{"start":{"line":165,"column":8},"end":{"line":165,"column":8}},{"start":{"line":165,"column":8},"end":{"line":165,"column":8}}]},"16":{"line":166,"type":"if","locations":[{"start":{"line":166,"column":8},"end":{"line":166,"column":8}},{"start":{"line":166,"column":8},"end":{"line":166,"column":8}}]},"17":{"line":167,"type":"if","locations":[{"start":{"line":167,"column":8},"end":{"line":167,"column":8}},{"start":{"line":167,"column":8},"end":{"line":167,"column":8}}]},"18":{"line":180,"type":"if","locations":[{"start":{"line":180,"column":8},"end":{"line":180,"column":8}},{"start":{"line":180,"column":8},"end":{"line":180,"column":8}}]}}},"contracts/templates/PaymentSplitter.sol":{"l":{},"path":"/Users/florentbartoli/Documents/rug_marketing/Contracts/contracts/templates/PaymentSplitter.sol","s":{},"b":{},"f":{"1":0},"fnMap":{"1":{"name":"constructor","line":7,"loc":{"start":{"line":7,"column":2},"end":{"line":9,"column":2}}}},"statementMap":{},"branchMap":{}},"contracts/templates/test20.sol":{"l":{"9":12,"13":0},"path":"/Users/florentbartoli/Documents/rug_marketing/Contracts/contracts/templates/test20.sol","s":{"1":12,"2":0},"b":{},"f":{"1":12,"2":0},"fnMap":{"1":{"name":"constructor","line":8,"loc":{"start":{"line":8,"column":4},"end":{"line":10,"column":4}}},"2":{"name":"mint","line":12,"loc":{"start":{"line":12,"column":4},"end":{"line":14,"column":4}}}},"statementMap":{"1":{"start":{"line":9,"column":6},"end":{"line":9,"column":48}},"2":{"start":{"line":13,"column":8},"end":{"line":13,"column":24}}},"branchMap":{}},"contracts/templates/test721.sol":{"l":{"12":12},"path":"/Users/florentbartoli/Documents/rug_marketing/Contracts/contracts/templates/test721.sol","s":{"1":12},"b":{},"f":{"1":12,"2":12},"fnMap":{"1":{"name":"constructor","line":8,"loc":{"start":{"line":8,"column":4},"end":{"line":9,"column":4}}},"2":{"name":"safeMint","line":11,"loc":{"start":{"line":11,"column":4},"end":{"line":13,"column":4}}}},"statementMap":{"1":{"start":{"line":12,"column":8},"end":{"line":12,"column":29}}},"branchMap":{}}}